Tuning kernels
Task:  Task(func_name=conv2d_nhwc.cuda, args=(('TENSOR', (1, 416, 416, 3), 'float16'), ('TENSOR', (3, 3, 3, 32), 'float16'), (1, 1), (1, 1, 1, 1), (1, 1), 'float16'), kwargs={}, workload=('conv2d_nhwc.cuda', ('TENSOR', (1, 416, 416, 3), 'float16'), ('TENSOR', (3, 3, 3, 32), 'float16'), (1, 1), (1, 1, 1, 1), (1, 1), 'float16'))
[Task  1/17]  Current/Best:    0.00/   7.54 GFLOPS | Progress: (62/333) | 1912.47 s/home/amalyshe/sandboxes/venv_anaconda_tvm/lib/python3.8/site-packages/xgboost/training.py:20: UserWarning: Old style callback is deprecated.  See: https://xgboost.readthedocs.io/en/latest/python/callbacks.html
  warnings.warn(f'Old style callback is deprecated.  See: {link}', UserWarning)
[Task  1/17]  Current/Best:    0.00/   9.77 GFLOPS | Progress: (333/333) | 7423.62 s Done.
Task:  Task(func_name=conv2d_nchwc.image2d, args=(('TENSOR', (1, 8, 417, 417, 4), 'float16'), ('TENSOR', (16, 32, 3, 3, 4), 'float16'), (2, 2), (0, 0, 0, 0), (1, 1), 'float16'), kwargs={}, workload=('conv2d_nchwc.image2d', ('TENSOR', (1, 8, 417, 417, 4), 'float16'), ('TENSOR', (16, 32, 3, 3, 4), 'float16'), (2, 2), (0, 0, 0, 0), (1, 1), 'float16'))
[Task  2/17]  Current/Best:  370.98/ 398.38 GFLOPS | Progress: (333/333) | 3624.09 s Done.
Task:  Task(func_name=conv2d_nchwc.image2d, args=(('TENSOR', (1, 16, 208, 208, 4), 'float16'), ('TENSOR', (8, 64, 1, 1, 4), 'float16'), (1, 1), (0, 0, 0, 0), (1, 1), 'float16'), kwargs={}, workload=('conv2d_nchwc.image2d', ('TENSOR', (1, 16, 208, 208, 4), 'float16'), ('TENSOR', (8, 64, 1, 1, 4), 'float16'), (1, 1), (0, 0, 0, 0), (1, 1), 'float16'))
[Task  3/17]  Current/Best:  182.10/ 223.15 GFLOPS | Progress: (333/333) | 1533.64 s Done.
Task:  Task(func_name=conv2d_nchwc.image2d, args=(('TENSOR', (1, 8, 208, 208, 4), 'float16'), ('TENSOR', (16, 32, 3, 3, 4), 'float16'), (1, 1), (1, 1, 1, 1), (1, 1), 'float16'), kwargs={}, workload=('conv2d_nchwc.image2d', ('TENSOR', (1, 8, 208, 208, 4), 'float16'), ('TENSOR', (16, 32, 3, 3, 4), 'float16'), (1, 1), (1, 1, 1, 1), (1, 1), 'float16'))
[Task  4/17]  Current/Best:  376.77/ 400.24 GFLOPS | Progress: (333/333) | 3031.50 s Done.
Task:  Task(func_name=conv2d_nchwc.image2d, args=(('TENSOR', (1, 16, 209, 209, 4), 'float16'), ('TENSOR', (32, 64, 3, 3, 4), 'float16'), (2, 2), (0, 0, 0, 0), (1, 1), 'float16'), kwargs={}, workload=('conv2d_nchwc.image2d', ('TENSOR', (1, 16, 209, 209, 4), 'float16'), ('TENSOR', (32, 64, 3, 3, 4), 'float16'), (2, 2), (0, 0, 0, 0), (1, 1), 'float16'))
[Task  5/17]  Current/Best:  415.98/ 446.38 GFLOPS | Progress: (333/333) | 2736.97 s Done.
Task:  Task(func_name=conv2d_nchwc.image2d, args=(('TENSOR', (1, 32, 104, 104, 4), 'float16'), ('TENSOR', (16, 128, 1, 1, 4), 'float16'), (1, 1), (0, 0, 0, 0), (1, 1), 'float16'), kwargs={}, workload=('conv2d_nchwc.image2d', ('TENSOR', (1, 32, 104, 104, 4), 'float16'), ('TENSOR', (16, 128, 1, 1, 4), 'float16'), (1, 1), (0, 0, 0, 0), (1, 1), 'float16'))
[Task  6/17]  Current/Best:  252.70/ 280.68 GFLOPS | Progress: (333/333) | 1220.04 s Done.
Task:  Task(func_name=conv2d_nchwc.image2d, args=(('TENSOR', (1, 16, 104, 104, 4), 'float16'), ('TENSOR', (32, 64, 3, 3, 4), 'float16'), (1, 1), (1, 1, 1, 1), (1, 1), 'float16'), kwargs={}, workload=('conv2d_nchwc.image2d', ('TENSOR', (1, 16, 104, 104, 4), 'float16'), ('TENSOR', (32, 64, 3, 3, 4), 'float16'), (1, 1), (1, 1, 1, 1), (1, 1), 'float16'))
[Task  7/17]  Current/Best:  391.45/ 475.38 GFLOPS | Progress: (333/333) | 2138.26 s Done.
Task:  Task(func_name=conv2d_nchwc.image2d, args=(('TENSOR', (1, 32, 105, 105, 4), 'float16'), ('TENSOR', (64, 128, 3, 3, 4), 'float16'), (2, 2), (0, 0, 0, 0), (1, 1), 'float16'), kwargs={}, workload=('conv2d_nchwc.image2d', ('TENSOR', (1, 32, 105, 105, 4), 'float16'), ('TENSOR', (64, 128, 3, 3, 4), 'float16'), (2, 2), (0, 0, 0, 0), (1, 1), 'float16'))
[Task  8/17]  Current/Best:  344.23/ 450.19 GFLOPS | Progress: (333/333) | 2568.91 s Done.
Task:  Task(func_name=conv2d_nchwc.image2d, args=(('TENSOR', (1, 64, 52, 52, 4), 'float16'), ('TENSOR', (32, 256, 1, 1, 4), 'float16'), (1, 1), (0, 0, 0, 0), (1, 1), 'float16'), kwargs={}, workload=('conv2d_nchwc.image2d', ('TENSOR', (1, 64, 52, 52, 4), 'float16'), ('TENSOR', (32, 256, 1, 1, 4), 'float16'), (1, 1), (0, 0, 0, 0), (1, 1), 'float16'))
[Task  9/17]  Current/Best:  241.17/ 306.04 GFLOPS | Progress: (333/333) | 925.33 s Done.
Task:  Task(func_name=conv2d_nchwc.image2d, args=(('TENSOR', (1, 32, 52, 52, 4), 'float16'), ('TENSOR', (64, 128, 3, 3, 4), 'float16'), (1, 1), (1, 1, 1, 1), (1, 1), 'float16'), kwargs={}, workload=('conv2d_nchwc.image2d', ('TENSOR', (1, 32, 52, 52, 4), 'float16'), ('TENSOR', (64, 128, 3, 3, 4), 'float16'), (1, 1), (1, 1, 1, 1), (1, 1), 'float16'))
[Task 10/17]  Current/Best:  395.33/ 399.88 GFLOPS | Progress: (333/333) | 2018.26 s Done.
Task:  Task(func_name=conv2d_nchwc.image2d, args=(('TENSOR', (1, 64, 53, 53, 4), 'float16'), ('TENSOR', (128, 256, 3, 3, 4), 'float16'), (2, 2), (0, 0, 0, 0), (1, 1), 'float16'), kwargs={}, workload=('conv2d_nchwc.image2d', ('TENSOR', (1, 64, 53, 53, 4), 'float16'), ('TENSOR', (128, 256, 3, 3, 4), 'float16'), (2, 2), (0, 0, 0, 0), (1, 1), 'float16'))
[Task 11/17]  Current/Best:  324.30/ 336.49 GFLOPS | Progress: (333/333) | 2326.36 s Done.
Task:  Task(func_name=conv2d_nchwc.image2d, args=(('TENSOR', (1, 128, 26, 26, 4), 'float16'), ('TENSOR', (64, 512, 1, 1, 4), 'float16'), (1, 1), (0, 0, 0, 0), (1, 1), 'float16'), kwargs={}, workload=('conv2d_nchwc.image2d', ('TENSOR', (1, 128, 26, 26, 4), 'float16'), ('TENSOR', (64, 512, 1, 1, 4), 'float16'), (1, 1), (0, 0, 0, 0), (1, 1), 'float16'))
[Task 12/17]  Current/Best:  318.65/ 326.73 GFLOPS | Progress: (333/333) | 997.59 s Done.
Task:  Task(func_name=conv2d_nchwc.image2d, args=(('TENSOR', (1, 64, 26, 26, 4), 'float16'), ('TENSOR', (128, 256, 3, 3, 4), 'float16'), (1, 1), (1, 1, 1, 1), (1, 1), 'float16'), kwargs={}, workload=('conv2d_nchwc.image2d', ('TENSOR', (1, 64, 26, 26, 4), 'float16'), ('TENSOR', (128, 256, 3, 3, 4), 'float16'), (1, 1), (1, 1, 1, 1), (1, 1), 'float16'))
[Task 13/17]  Current/Best:  218.52/ 437.76 GFLOPS | Progress: (333/333) | 2615.64 s Done.
Task:  Task(func_name=conv2d_nchwc.image2d, args=(('TENSOR', (1, 128, 27, 27, 4), 'float16'), ('TENSOR', (256, 512, 3, 3, 4), 'float16'), (2, 2), (0, 0, 0, 0), (1, 1), 'float16'), kwargs={}, workload=('conv2d_nchwc.image2d', ('TENSOR', (1, 128, 27, 27, 4), 'float16'), ('TENSOR', (256, 512, 3, 3, 4), 'float16'), (2, 2), (0, 0, 0, 0), (1, 1), 'float16'))
[Task 14/17]  Current/Best:  264.15/ 331.61 GFLOPS | Progress: (333/333) | 3030.97 s Done.
Task:  Task(func_name=conv2d_nchwc.image2d, args=(('TENSOR', (1, 256, 13, 13, 4), 'float16'), ('TENSOR', (128, 1024, 1, 1, 4), 'float16'), (1, 1), (0, 0, 0, 0), (1, 1), 'float16'), kwargs={}, workload=('conv2d_nchwc.image2d', ('TENSOR', (1, 256, 13, 13, 4), 'float16'), ('TENSOR', (128, 1024, 1, 1, 4), 'float16'), (1, 1), (0, 0, 0, 0), (1, 1), 'float16'))
[Task 15/17]  Current/Best:  219.19/ 273.17 GFLOPS | Progress: (333/333) | 1114.58 s Done.
Task:  Task(func_name=conv2d_nchwc.image2d, args=(('TENSOR', (1, 128, 13, 13, 4), 'float16'), ('TENSOR', (256, 512, 3, 3, 4), 'float16'), (1, 1), (1, 1, 1, 1), (1, 1), 'float16'), kwargs={}, workload=('conv2d_nchwc.image2d', ('TENSOR', (1, 128, 13, 13, 4), 'float16'), ('TENSOR', (256, 512, 3, 3, 4), 'float16'), (1, 1), (1, 1, 1, 1), (1, 1), 'float16'))
[Task 16/17]  Current/Best:  207.41/ 287.38 GFLOPS | Progress: (333/333) | 3115.06 s Done.
Task:  Task(func_name=conv2d_nhwc.cuda, args=(('TENSOR', (1, 13, 13, 1024), 'float16'), ('TENSOR', (1, 1, 1024, 255), 'float16'), (1, 1), (0, 0, 0, 0), (1, 1), 'float16'), kwargs={}, workload=('conv2d_nhwc.cuda', ('TENSOR', (1, 13, 13, 1024), 'float16'), ('TENSOR', (1, 1, 1024, 255), 'float16'), (1, 1), (0, 0, 0, 0), (1, 1), 'float16'))
[Task 17/17]  Current/Best:    4.25/   8.17 GFLOPS | Progress: (333/333) | 2655.03 s Done.
