Task:  Task(func_name=conv2d_nchwc_acc32.image2d, args=(('TENSOR', (1, 512, 8, 8, 4), 'float16'), ('TENSOR', (48, 2048, 1, 1, 4), 'float16'), (1, 1), (0, 0, 0, 0), (1, 1), 'float16'), kwargs={}, workload=('conv2d_nchwc_acc32.image2d', ('TENSOR', (1, 512, 8, 8, 4), 'float16'), ('TENSOR', (48, 2048, 1, 1, 4), 'float16'), (1, 1), (0, 0, 0, 0), (1, 1), 'float16'))
[Task  1/44]  Current/Best:  104.96/ 144.30 GFLOPS | Progress: (62/333) | 159.33 s/home/elvin/sandboxes/venv_tvm/lib/python3.8/site-packages/xgboost/training.py:17: UserWarning: Old style callback is deprecated.  See: https://xgboost.readthedocs.io/en/latest/python/callbacks.html
  warnings.warn(f'Old style callback is deprecated.  See: {link}', UserWarning)
[Task  1/44]  Current/Best:  153.16/ 179.30 GFLOPS | Progress: (333/333) | 1890.21 s Done.
Task:  Task(func_name=conv2d_nchwc_acc32.image2d, args=(('TENSOR', (1, 512, 8, 8, 4), 'float16'), ('TENSOR', (80, 2048, 1, 1, 4), 'float16'), (1, 1), (0, 0, 0, 0), (1, 1), 'float16'), kwargs={}, workload=('conv2d_nchwc_acc32.image2d', ('TENSOR', (1, 512, 8, 8, 4), 'float16'), ('TENSOR', (80, 2048, 1, 1, 4), 'float16'), (1, 1), (0, 0, 0, 0), (1, 1), 'float16'))
[Task  2/44]  Current/Best:  172.62/ 186.57 GFLOPS | Progress: (333/333) | 1694.13 s Done.
Task:  Task(func_name=conv2d_nchwc_acc32.image2d, args=(('TENSOR', (1, 512, 8, 8, 4), 'float16'), ('TENSOR', (112, 2048, 1, 1, 4), 'float16'), (1, 1), (0, 0, 0, 0), (1, 1), 'float16'), kwargs={}, workload=('conv2d_nchwc_acc32.image2d', ('TENSOR', (1, 512, 8, 8, 4), 'float16'), ('TENSOR', (112, 2048, 1, 1, 4), 'float16'), (1, 1), (0, 0, 0, 0), (1, 1), 'float16'))
[Task  3/44]  Current/Best:  186.79/ 215.17 GFLOPS | Progress: (333/333) | 1974.26 s Done.
Task:  Task(func_name=conv2d_nchwc_acc32.image2d, args=(('TENSOR', (1, 320, 8, 8, 4), 'float16'), ('TENSOR', (48, 1280, 1, 1, 4), 'float16'), (1, 1), (0, 0, 0, 0), (1, 1), 'float16'), kwargs={}, workload=('conv2d_nchwc_acc32.image2d', ('TENSOR', (1, 320, 8, 8, 4), 'float16'), ('TENSOR', (48, 1280, 1, 1, 4), 'float16'), (1, 1), (0, 0, 0, 0), (1, 1), 'float16'))
[Task  4/44]  Current/Best:  133.36/ 166.11 GFLOPS | Progress: (333/333) | 3089.97 s Done.
Task:  Task(func_name=conv2d_nchwc_acc32.image2d, args=(('TENSOR', (1, 320, 8, 8, 4), 'float16'), ('TENSOR', (80, 1280, 1, 1, 4), 'float16'), (1, 1), (0, 0, 0, 0), (1, 1), 'float16'), kwargs={}, workload=('conv2d_nchwc_acc32.image2d', ('TENSOR', (1, 320, 8, 8, 4), 'float16'), ('TENSOR', (80, 1280, 1, 1, 4), 'float16'), (1, 1), (0, 0, 0, 0), (1, 1), 'float16'))
[Task  5/44]  Current/Best:  173.02/ 191.53 GFLOPS | Progress: (333/333) | 2090.70 s Done.
Task:  Task(func_name=conv2d_nchwc_acc32.image2d, args=(('TENSOR', (1, 320, 8, 8, 4), 'float16'), ('TENSOR', (112, 1280, 1, 1, 4), 'float16'), (1, 1), (0, 0, 0, 0), (1, 1), 'float16'), kwargs={}, workload=('conv2d_nchwc_acc32.image2d', ('TENSOR', (1, 320, 8, 8, 4), 'float16'), ('TENSOR', (112, 1280, 1, 1, 4), 'float16'), (1, 1), (0, 0, 0, 0), (1, 1), 'float16'))
[Task  6/44]  Current/Best:  208.44/ 212.34 GFLOPS | Progress: (333/333) | 2026.53 s Done.
Task:  Task(func_name=conv2d_nchwc_acc32.image2d, args=(('TENSOR', (1, 112, 8, 8, 4), 'float16'), ('TENSOR', (96, 448, 3, 3, 4), 'float16'), (1, 1), (1, 1, 1, 1), (1, 1), 'float16'), kwargs={}, workload=('conv2d_nchwc_acc32.image2d', ('TENSOR', (1, 112, 8, 8, 4), 'float16'), ('TENSOR', (96, 448, 3, 3, 4), 'float16'), (1, 1), (1, 1, 1, 1), (1, 1), 'float16'))
[Task  7/44]  Current/Best:    0.00/ 209.84 GFLOPS | Progress: (333/333) | 5598.52 s Done.
Task:  Task(func_name=conv2d_nchwc_acc32.image2d, args=(('TENSOR', (1, 96, 8, 8, 4), 'float16'), ('TENSOR', (96, 384, 3, 1, 4), 'float16'), (1, 1), (1, 0, 1, 0), (1, 1), 'float16'), kwargs={}, workload=('conv2d_nchwc_acc32.image2d', ('TENSOR', (1, 96, 8, 8, 4), 'float16'), ('TENSOR', (96, 384, 3, 1, 4), 'float16'), (1, 1), (1, 0, 1, 0), (1, 1), 'float16'))
[Task  8/44]  Current/Best:   92.66/ 194.23 GFLOPS | Progress: (333/333) | 4595.00 s Done.
Task:  Task(func_name=conv2d_nchwc_acc32.image2d, args=(('TENSOR', (1, 48, 17, 17, 4), 'float16'), ('TENSOR', (48, 192, 3, 3, 4), 'float16'), (2, 2), (0, 0, 0, 0), (1, 1), 'float16'), kwargs={}, workload=('conv2d_nchwc_acc32.image2d', ('TENSOR', (1, 48, 17, 17, 4), 'float16'), ('TENSOR', (48, 192, 3, 3, 4), 'float16'), (2, 2), (0, 0, 0, 0), (1, 1), 'float16'))
[Task  9/44]  Current/Best:  140.59/ 148.88 GFLOPS | Progress: (333/333) | 3059.52 s Done.
Task:  Task(func_name=conv2d_nchwc_acc32.image2d, args=(('TENSOR', (1, 48, 17, 17, 4), 'float16'), ('TENSOR', (48, 192, 1, 7, 4), 'float16'), (1, 1), (0, 3, 0, 3), (1, 1), 'float16'), kwargs={}, workload=('conv2d_nchwc_acc32.image2d', ('TENSOR', (1, 48, 17, 17, 4), 'float16'), ('TENSOR', (48, 192, 1, 7, 4), 'float16'), (1, 1), (0, 3, 0, 3), (1, 1), 'float16'))
[Task 10/44]  Current/Best:  212.84/ 245.82 GFLOPS | Progress: (333/333) | 3819.53 s Done.
Task:  Task(func_name=conv2d_nchwc_acc32.image2d, args=(('TENSOR', (1, 48, 17, 17, 4), 'float16'), ('TENSOR', (48, 192, 7, 1, 4), 'float16'), (1, 1), (3, 0, 3, 0), (1, 1), 'float16'), kwargs={}, workload=('conv2d_nchwc_acc32.image2d', ('TENSOR', (1, 48, 17, 17, 4), 'float16'), ('TENSOR', (48, 192, 7, 1, 4), 'float16'), (1, 1), (3, 0, 3, 0), (1, 1), 'float16'))
[Task 11/44]  Current/Best:  241.58/ 250.51 GFLOPS | Progress: (333/333) | 4804.20 s Done.
Task:  Task(func_name=conv2d_nchwc_acc32.image2d, args=(('TENSOR', (1, 40, 17, 17, 4), 'float16'), ('TENSOR', (40, 160, 7, 1, 4), 'float16'), (1, 1), (3, 0, 3, 0), (1, 1), 'float16'), kwargs={}, workload=('conv2d_nchwc_acc32.image2d', ('TENSOR', (1, 40, 17, 17, 4), 'float16'), ('TENSOR', (40, 160, 7, 1, 4), 'float16'), (1, 1), (3, 0, 3, 0), (1, 1), 'float16'))
[Task 12/44]  Current/Best:  207.55/ 221.17 GFLOPS | Progress: (333/333) | 3079.48 s Done.
Task:  Task(func_name=conv2d_nchwc_acc32.image2d, args=(('TENSOR', (1, 40, 17, 17, 4), 'float16'), ('TENSOR', (48, 160, 1, 7, 4), 'float16'), (1, 1), (0, 3, 0, 3), (1, 1), 'float16'), kwargs={}, workload=('conv2d_nchwc_acc32.image2d', ('TENSOR', (1, 40, 17, 17, 4), 'float16'), ('TENSOR', (48, 160, 1, 7, 4), 'float16'), (1, 1), (0, 3, 0, 3), (1, 1), 'float16'))
[Task 13/44]  Current/Best:  201.19/ 264.97 GFLOPS | Progress: (333/333) | 4662.36 s Done.
Task:  Task(func_name=conv2d_nchwc_acc32.image2d, args=(('TENSOR', (1, 192, 17, 17, 4), 'float16'), ('TENSOR', (40, 768, 1, 1, 4), 'float16'), (1, 1), (0, 0, 0, 0), (1, 1), 'float16'), kwargs={}, workload=('conv2d_nchwc_acc32.image2d', ('TENSOR', (1, 192, 17, 17, 4), 'float16'), ('TENSOR', (40, 768, 1, 1, 4), 'float16'), (1, 1), (0, 0, 0, 0), (1, 1), 'float16'))
[Task 14/44]  Current/Best:  191.34/ 200.25 GFLOPS | Progress: (333/333) | 4099.48 s Done.
Task:  Task(func_name=conv2d_nchwc_acc32.image2d, args=(('TENSOR', (1, 40, 17, 17, 4), 'float16'), ('TENSOR', (40, 160, 1, 7, 4), 'float16'), (1, 1), (0, 3, 0, 3), (1, 1), 'float16'), kwargs={}, workload=('conv2d_nchwc_acc32.image2d', ('TENSOR', (1, 40, 17, 17, 4), 'float16'), ('TENSOR', (40, 160, 1, 7, 4), 'float16'), (1, 1), (0, 3, 0, 3), (1, 1), 'float16'))
[Task 15/44]  Current/Best:  160.76/ 224.07 GFLOPS | Progress: (333/333) | 3360.97 s Done.
Task:  Task(func_name=conv2d_nchwc_acc32.image2d, args=(('TENSOR', (1, 40, 17, 17, 4), 'float16'), ('TENSOR', (48, 160, 7, 1, 4), 'float16'), (1, 1), (3, 0, 3, 0), (1, 1), 'float16'), kwargs={}, workload=('conv2d_nchwc_acc32.image2d', ('TENSOR', (1, 40, 17, 17, 4), 'float16'), ('TENSOR', (48, 160, 7, 1, 4), 'float16'), (1, 1), (3, 0, 3, 0), (1, 1), 'float16'))
[Task 16/44]  Current/Best:  233.24/ 254.18 GFLOPS | Progress: (333/333) | 2876.45 s Done.
Task:  Task(func_name=conv2d_nchwc_acc32.image2d, args=(('TENSOR', (1, 32, 17, 17, 4), 'float16'), ('TENSOR', (32, 128, 7, 1, 4), 'float16'), (1, 1), (3, 0, 3, 0), (1, 1), 'float16'), kwargs={}, workload=('conv2d_nchwc_acc32.image2d', ('TENSOR', (1, 32, 17, 17, 4), 'float16'), ('TENSOR', (32, 128, 7, 1, 4), 'float16'), (1, 1), (3, 0, 3, 0), (1, 1), 'float16'))
[Task 17/44]  Current/Best:  206.25/ 260.02 GFLOPS | Progress: (333/333) | 2977.16 s Done.
Task:  Task(func_name=conv2d_nchwc_acc32.image2d, args=(('TENSOR', (1, 32, 17, 17, 4), 'float16'), ('TENSOR', (48, 128, 1, 7, 4), 'float16'), (1, 1), (0, 3, 0, 3), (1, 1), 'float16'), kwargs={}, workload=('conv2d_nchwc_acc32.image2d', ('TENSOR', (1, 32, 17, 17, 4), 'float16'), ('TENSOR', (48, 128, 1, 7, 4), 'float16'), (1, 1), (0, 3, 0, 3), (1, 1), 'float16'))
[Task 18/44]  Current/Best:  240.80/ 262.87 GFLOPS | Progress: (333/333) | 2898.58 s Done.
Task:  Task(func_name=conv2d_nchwc_acc32.image2d, args=(('TENSOR', (1, 192, 17, 17, 4), 'float16'), ('TENSOR', (32, 768, 1, 1, 4), 'float16'), (1, 1), (0, 0, 0, 0), (1, 1), 'float16'), kwargs={}, workload=('conv2d_nchwc_acc32.image2d', ('TENSOR', (1, 192, 17, 17, 4), 'float16'), ('TENSOR', (32, 768, 1, 1, 4), 'float16'), (1, 1), (0, 0, 0, 0), (1, 1), 'float16'))
[Task 19/44]  Current/Best:  204.94/ 208.54 GFLOPS | Progress: (333/333) | 2161.31 s Done.
Task:  Task(func_name=conv2d_nchwc_acc32.image2d, args=(('TENSOR', (1, 32, 17, 17, 4), 'float16'), ('TENSOR', (32, 128, 1, 7, 4), 'float16'), (1, 1), (0, 3, 0, 3), (1, 1), 'float16'), kwargs={}, workload=('conv2d_nchwc_acc32.image2d', ('TENSOR', (1, 32, 17, 17, 4), 'float16'), ('TENSOR', (32, 128, 1, 7, 4), 'float16'), (1, 1), (0, 3, 0, 3), (1, 1), 'float16'))
[Task 20/44]  Current/Best:  168.89/ 203.26 GFLOPS | Progress: (333/333) | 1925.03 s Done.
Task:  Task(func_name=conv2d_nchwc_acc32.image2d, args=(('TENSOR', (1, 32, 17, 17, 4), 'float16'), ('TENSOR', (48, 128, 7, 1, 4), 'float16'), (1, 1), (3, 0, 3, 0), (1, 1), 'float16'), kwargs={}, workload=('conv2d_nchwc_acc32.image2d', ('TENSOR', (1, 32, 17, 17, 4), 'float16'), ('TENSOR', (48, 128, 7, 1, 4), 'float16'), (1, 1), (3, 0, 3, 0), (1, 1), 'float16'))
[Task 21/44]  Current/Best:  246.98/ 259.87 GFLOPS | Progress: (333/333) | 2603.97 s Done.
Task:  Task(func_name=conv2d_nchwc_acc32.image2d, args=(('TENSOR', (1, 24, 35, 35, 4), 'float16'), ('TENSOR', (24, 96, 3, 3, 4), 'float16'), (2, 2), (0, 0, 0, 0), (1, 1), 'float16'), kwargs={}, workload=('conv2d_nchwc_acc32.image2d', ('TENSOR', (1, 24, 35, 35, 4), 'float16'), ('TENSOR', (24, 96, 3, 3, 4), 'float16'), (2, 2), (0, 0, 0, 0), (1, 1), 'float16'))
[Task 22/44]  Current/Best:  193.32/ 197.70 GFLOPS | Progress: (333/333) | 2708.34 s Done.
Task:  Task(func_name=conv2d_nchwc_acc32.image2d, args=(('TENSOR', (1, 72, 35, 35, 4), 'float16'), ('TENSOR', (12, 288, 1, 1, 4), 'float16'), (1, 1), (0, 0, 0, 0), (1, 1), 'float16'), kwargs={}, workload=('conv2d_nchwc_acc32.image2d', ('TENSOR', (1, 72, 35, 35, 4), 'float16'), ('TENSOR', (12, 288, 1, 1, 4), 'float16'), (1, 1), (0, 0, 0, 0), (1, 1), 'float16'))
[Task 23/44]  Current/Best:  160.25/ 172.97 GFLOPS | Progress: (333/333) | 3097.77 s Done.
Task:  Task(func_name=conv2d_nchwc_acc32.image2d, args=(('TENSOR', (1, 64, 35, 35, 4), 'float16'), ('TENSOR', (12, 256, 1, 1, 4), 'float16'), (1, 1), (0, 0, 0, 0), (1, 1), 'float16'), kwargs={}, workload=('conv2d_nchwc_acc32.image2d', ('TENSOR', (1, 64, 35, 35, 4), 'float16'), ('TENSOR', (12, 256, 1, 1, 4), 'float16'), (1, 1), (0, 0, 0, 0), (1, 1), 'float16'))
[Task 24/44]  Current/Best:  159.70/ 170.43 GFLOPS | Progress: (333/333) | 2264.13 s Done.
Task:  Task(func_name=conv2d_nchwc_acc32.image2d, args=(('TENSOR', (1, 48, 35, 35, 4), 'float16'), ('TENSOR', (8, 192, 1, 1, 4), 'float16'), (1, 1), (0, 0, 0, 0), (1, 1), 'float16'), kwargs={}, workload=('conv2d_nchwc_acc32.image2d', ('TENSOR', (1, 48, 35, 35, 4), 'float16'), ('TENSOR', (8, 192, 1, 1, 4), 'float16'), (1, 1), (0, 0, 0, 0), (1, 1), 'float16'))
[Task 25/44]  Current/Best:   80.72/ 109.90 GFLOPS | Progress: (333/333) | 2046.45 s Done.
Task:  Task(func_name=conv2d_nchwc_acc32.image2d, args=(('TENSOR', (1, 16, 35, 35, 4), 'float16'), ('TENSOR', (24, 64, 3, 3, 4), 'float16'), (1, 1), (1, 1, 1, 1), (1, 1), 'float16'), kwargs={}, workload=('conv2d_nchwc_acc32.image2d', ('TENSOR', (1, 16, 35, 35, 4), 'float16'), ('TENSOR', (24, 64, 3, 3, 4), 'float16'), (1, 1), (1, 1, 1, 1), (1, 1), 'float16'))
[Task 26/44]  Current/Best:  281.26/ 324.46 GFLOPS | Progress: (333/333) | 3613.32 s Done.
Task:  Task(func_name=conv2d_nchwc_acc32.image2d, args=(('TENSOR', (1, 24, 35, 35, 4), 'float16'), ('TENSOR', (24, 96, 3, 3, 4), 'float16'), (1, 1), (1, 1, 1, 1), (1, 1), 'float16'), kwargs={}, workload=('conv2d_nchwc_acc32.image2d', ('TENSOR', (1, 24, 35, 35, 4), 'float16'), ('TENSOR', (24, 96, 3, 3, 4), 'float16'), (1, 1), (1, 1, 1, 1), (1, 1), 'float16'))
[Task 27/44]  Current/Best:  315.71/ 329.01 GFLOPS | Progress: (333/333) | 5696.27 s Done.
Task:  Task(func_name=conv2d_nchwc_acc32.image2d, args=(('TENSOR', (1, 48, 35, 35, 4), 'float16'), ('TENSOR', (12, 192, 1, 1, 4), 'float16'), (1, 1), (0, 0, 0, 0), (1, 1), 'float16'), kwargs={}, workload=('conv2d_nchwc_acc32.image2d', ('TENSOR', (1, 48, 35, 35, 4), 'float16'), ('TENSOR', (12, 192, 1, 1, 4), 'float16'), (1, 1), (0, 0, 0, 0), (1, 1), 'float16'))
[Task 28/44]  Current/Best:  135.25/ 156.61 GFLOPS | Progress: (333/333) | 2835.55 s Done.
Task:  Task(func_name=conv2d_nchwc_acc32.image2d, args=(('TENSOR', (1, 12, 35, 35, 4), 'float16'), ('TENSOR', (16, 48, 5, 5, 4), 'float16'), (1, 1), (2, 2, 2, 2), (1, 1), 'float16'), kwargs={}, workload=('conv2d_nchwc_acc32.image2d', ('TENSOR', (1, 12, 35, 35, 4), 'float16'), ('TENSOR', (16, 48, 5, 5, 4), 'float16'), (1, 1), (2, 2, 2, 2), (1, 1), 'float16'))
[Task 29/44]  Current/Best:  301.63/ 320.85 GFLOPS | Progress: (333/333) | 5381.54 s Done.
Task:  Task(func_name=conv2d_nchw.cuda, args=(('TENSOR', (1, 3, 299, 299), 'float16'), ('TENSOR', (32, 3, 3, 3), 'float16'), (2, 2), (0, 0, 0, 0), (1, 1), 'float16'), kwargs={}, workload=('conv2d_nchw.cuda', ('TENSOR', (1, 3, 299, 299), 'float16'), ('TENSOR', (32, 3, 3, 3), 'float16'), (2, 2), (0, 0, 0, 0), (1, 1), 'float16'))
[Task 30/44]  Current/Best:   36.93/  41.83 GFLOPS | Progress: (333/333) | 1711.49 s Done.
Task:  Task(func_name=conv2d_nchwc_acc32.image2d, args=(('TENSOR', (1, 8, 149, 149, 4), 'float16'), ('TENSOR', (8, 32, 3, 3, 4), 'float16'), (1, 1), (0, 0, 0, 0), (1, 1), 'float16'), kwargs={}, workload=('conv2d_nchwc_acc32.image2d', ('TENSOR', (1, 8, 149, 149, 4), 'float16'), ('TENSOR', (8, 32, 3, 3, 4), 'float16'), (1, 1), (0, 0, 0, 0), (1, 1), 'float16'))
[Task 31/44]  Current/Best:  178.83/ 270.09 GFLOPS | Progress: (333/333) | 2906.29 s Done.
Task:  Task(func_name=conv2d_nchwc_acc32.image2d, args=(('TENSOR', (1, 8, 147, 147, 4), 'float16'), ('TENSOR', (16, 32, 3, 3, 4), 'float16'), (1, 1), (1, 1, 1, 1), (1, 1), 'float16'), kwargs={}, workload=('conv2d_nchwc_acc32.image2d', ('TENSOR', (1, 8, 147, 147, 4), 'float16'), ('TENSOR', (16, 32, 3, 3, 4), 'float16'), (1, 1), (1, 1, 1, 1), (1, 1), 'float16'))
[Task 32/44]  Current/Best:  346.65/ 355.12 GFLOPS | Progress: (333/333) | 2899.96 s Done.
Task:  Task(func_name=conv2d_nchwc_acc32.image2d, args=(('TENSOR', (1, 16, 73, 73, 4), 'float16'), ('TENSOR', (20, 64, 1, 1, 4), 'float16'), (1, 1), (0, 0, 0, 0), (1, 1), 'float16'), kwargs={}, workload=('conv2d_nchwc_acc32.image2d', ('TENSOR', (1, 16, 73, 73, 4), 'float16'), ('TENSOR', (20, 64, 1, 1, 4), 'float16'), (1, 1), (0, 0, 0, 0), (1, 1), 'float16'))
[Task 33/44]  Current/Best:  157.11/ 177.89 GFLOPS | Progress: (333/333) | 1954.48 s Done.
Task:  Task(func_name=conv2d_nchwc_acc32.image2d, args=(('TENSOR', (1, 20, 73, 73, 4), 'float16'), ('TENSOR', (48, 80, 3, 3, 4), 'float16'), (1, 1), (0, 0, 0, 0), (1, 1), 'float16'), kwargs={}, workload=('conv2d_nchwc_acc32.image2d', ('TENSOR', (1, 20, 73, 73, 4), 'float16'), ('TENSOR', (48, 80, 3, 3, 4), 'float16'), (1, 1), (0, 0, 0, 0), (1, 1), 'float16'))
[Task 34/44]  Current/Best:  380.33/ 390.61 GFLOPS | Progress: (333/333) | 7321.68 s Done.
Task:  Task(func_name=conv2d_nchwc_acc32.image2d, args=(('TENSOR', (1, 48, 35, 35, 4), 'float16'), ('TENSOR', (16, 192, 1, 1, 4), 'float16'), (1, 1), (0, 0, 0, 0), (1, 1), 'float16'), kwargs={}, workload=('conv2d_nchwc_acc32.image2d', ('TENSOR', (1, 48, 35, 35, 4), 'float16'), ('TENSOR', (16, 192, 1, 1, 4), 'float16'), (1, 1), (0, 0, 0, 0), (1, 1), 'float16'))
[Task 35/44]  Current/Best:  170.54/ 186.39 GFLOPS | Progress: (333/333) | 3061.99 s Done.
Task:  Task(func_name=conv2d_nchwc_acc32.image2d, args=(('TENSOR', (1, 64, 35, 35, 4), 'float16'), ('TENSOR', (16, 256, 1, 1, 4), 'float16'), (1, 1), (0, 0, 0, 0), (1, 1), 'float16'), kwargs={}, workload=('conv2d_nchwc_acc32.image2d', ('TENSOR', (1, 64, 35, 35, 4), 'float16'), ('TENSOR', (16, 256, 1, 1, 4), 'float16'), (1, 1), (0, 0, 0, 0), (1, 1), 'float16'))
[Task 36/44]  Current/Best:  148.41/ 199.40 GFLOPS | Progress: (333/333) | 9627.22 s Done.
Task:  Task(func_name=conv2d_nchwc_acc32.image2d, args=(('TENSOR', (1, 72, 35, 35, 4), 'float16'), ('TENSOR', (16, 288, 1, 1, 4), 'float16'), (1, 1), (0, 0, 0, 0), (1, 1), 'float16'), kwargs={}, workload=('conv2d_nchwc_acc32.image2d', ('TENSOR', (1, 72, 35, 35, 4), 'float16'), ('TENSOR', (16, 288, 1, 1, 4), 'float16'), (1, 1), (0, 0, 0, 0), (1, 1), 'float16'))
[Task 37/44]  Current/Best:  185.39/ 201.84 GFLOPS | Progress: (333/333) | 4722.91 s Done.
Task:  Task(func_name=conv2d_nchwc_acc32.image2d, args=(('TENSOR', (1, 72, 35, 35, 4), 'float16'), ('TENSOR', (96, 288, 3, 3, 4), 'float16'), (2, 2), (0, 0, 0, 0), (1, 1), 'float16'), kwargs={}, workload=('conv2d_nchwc_acc32.image2d', ('TENSOR', (1, 72, 35, 35, 4), 'float16'), ('TENSOR', (96, 288, 3, 3, 4), 'float16'), (2, 2), (0, 0, 0, 0), (1, 1), 'float16'))
[Task 38/44]  Current/Best:  244.08/ 249.70 GFLOPS | Progress: (333/333) | 6296.08 s Done.
Task:  Task(func_name=conv2d_nchwc_acc32.image2d, args=(('TENSOR', (1, 192, 17, 17, 4), 'float16'), ('TENSOR', (48, 768, 1, 1, 4), 'float16'), (1, 1), (0, 0, 0, 0), (1, 1), 'float16'), kwargs={}, workload=('conv2d_nchwc_acc32.image2d', ('TENSOR', (1, 192, 17, 17, 4), 'float16'), ('TENSOR', (48, 768, 1, 1, 4), 'float16'), (1, 1), (0, 0, 0, 0), (1, 1), 'float16'))
[Task 39/44]  Current/Best:  158.53/ 229.77 GFLOPS | Progress: (333/333) | 3464.72 s Done.
Task:  Task(func_name=conv2d_nchwc_acc32.image2d, args=(('TENSOR', (1, 48, 17, 17, 4), 'float16'), ('TENSOR', (80, 192, 3, 3, 4), 'float16'), (2, 2), (0, 0, 0, 0), (1, 1), 'float16'), kwargs={}, workload=('conv2d_nchwc_acc32.image2d', ('TENSOR', (1, 48, 17, 17, 4), 'float16'), ('TENSOR', (80, 192, 3, 3, 4), 'float16'), (2, 2), (0, 0, 0, 0), (1, 1), 'float16'))
[Task 40/44]  Current/Best:  162.69/ 170.00 GFLOPS | Progress: (333/333) | 4799.21 s Done.
Task:  Task(func_name=conv2d_nchwc_acc32.image2d, args=(('TENSOR', (1, 320, 8, 8, 4), 'float16'), ('TENSOR', (96, 1280, 1, 1, 4), 'float16'), (1, 1), (0, 0, 0, 0), (1, 1), 'float16'), kwargs={}, workload=('conv2d_nchwc_acc32.image2d', ('TENSOR', (1, 320, 8, 8, 4), 'float16'), ('TENSOR', (96, 1280, 1, 1, 4), 'float16'), (1, 1), (0, 0, 0, 0), (1, 1), 'float16'))
[Task 41/44]  Current/Best:  164.15/ 224.55 GFLOPS | Progress: (333/333) | 2339.61 s Done.
Task:  Task(func_name=conv2d_nchwc_acc32.image2d, args=(('TENSOR', (1, 512, 8, 8, 4), 'float16'), ('TENSOR', (96, 2048, 1, 1, 4), 'float16'), (1, 1), (0, 0, 0, 0), (1, 1), 'float16'), kwargs={}, workload=('conv2d_nchwc_acc32.image2d', ('TENSOR', (1, 512, 8, 8, 4), 'float16'), ('TENSOR', (96, 2048, 1, 1, 4), 'float16'), (1, 1), (0, 0, 0, 0), (1, 1), 'float16'))
[Task 42/44]  Current/Best:  210.40/ 212.05 GFLOPS | Progress: (333/333) | 2348.44 s Done.
Task:  Task(func_name=conv2d_nchwc_acc32.image2d, args=(('TENSOR', (1, 96, 8, 8, 4), 'float16'), ('TENSOR', (96, 384, 1, 3, 4), 'float16'), (1, 1), (0, 1, 0, 1), (1, 1), 'float16'), kwargs={}, workload=('conv2d_nchwc_acc32.image2d', ('TENSOR', (1, 96, 8, 8, 4), 'float16'), ('TENSOR', (96, 384, 1, 3, 4), 'float16'), (1, 1), (0, 1, 0, 1), (1, 1), 'float16'))
[Task 43/44]  Current/Best:  235.41/ 235.41 GFLOPS | Progress: (333/333) | 2513.29 s Done.
Task:  Task(func_name=dense_small_batch.cuda, args=(('TENSOR', (1, 2048), 'float16'), ('TENSOR', (1000, 2048), 'float16'), None, 'float16'), kwargs={}, workload=('dense_small_batch.cuda', ('TENSOR', (1, 2048), 'float16'), ('TENSOR', (1000, 2048), 'float16'), None, 'float16'))
[Task 44/44]  Current/Best:    1.15/  16.28 GFLOPS | Progress: (12/12) | 53.19 s Done.
Apply best performing tuning profiles:
Tracker attempting connection on 192.168.1.52:9190
Tracker connected to remote RPC server
./scripts/evaluate.py:1258: DeprecationWarning: legacy graph runtime behavior of producing json / lib / params will be removed in the next release. Please see documents of tvm.contrib.graph_runtime.GraphModule for the  new recommended usage.
  graph, lib, params = relay.build(
Using Android OpenCL runtime over RPC
Uploading binary...
Evaluating...
0.0453388 secs/iteration


Top5 predictions: 

	#1: tiger cat
	#2: Egyptian cat
	#3: tabby, tabby cat
	#4: Pembroke, Pembroke Welsh corgi
	#5: carton
	 [282 285 281 263 478]
Validation done

