python ./scripts/evaluate.py -m yolov3 -t float16 -k android --target="opencl --device=adreno" -l sd888_log/yolov3.texture.float16.acc32.autotvm.log --tune
File /home/elvin/sandboxes/2021_10_Qualcomm/qualcomm_Deelvin/models/mace_yolov3/yolo-v3.pb exists, skip.
2021-12-08 21:31:24.805235: W tensorflow/stream_executor/platform/default/dso_loader.cc:64] Could not load dynamic library 'libcudart.so.11.0'; dlerror: libcudart.so.11.0: cannot open shared object file: No such file or directory
2021-12-08 21:31:24.805259: I tensorflow/stream_executor/cuda/cudart_stub.cc:29] Ignore above cudart dlerror if you do not have a GPU set up on your machine.
Extracting tasks
Tuning kernels
Task:  Task(func_name=conv2d_nchwc_acc32.image2d, args=(('TENSOR', (1, 128, 13, 13, 4), 'float16'), ('TENSOR', (64, 512, 1, 1, 4), 'float16'), (1, 1), (0, 0, 0, 0), (1, 1), 'float16'), kwargs={}, workload=('conv2d_nchwc_acc32.image2d', ('TENSOR', (1, 128, 13, 13, 4), 'float16'), ('TENSOR', (64, 512, 1, 1, 4), 'float16'), (1, 1), (0, 0, 0, 0), (1, 1), 'float16'))
[Task  1/20]  Current/Best:  138.40/ 176.84 GFLOPS | Progress: (62/333) | 306.22 s/home/elvin/sandboxes/venv_tvm/lib/python3.8/site-packages/xgboost/training.py:17: UserWarning: Old style callback is deprecated.  See: https://xgboost.readthedocs.io/en/latest/python/callbacks.html
  warnings.warn(f'Old style callback is deprecated.  See: {link}', UserWarning)
[Task  1/20]  Current/Best:  193.89/ 208.82 GFLOPS | Progress: (333/333) | 1915.67 s Done.
Task:  Task(func_name=conv2d_nchwc_acc32.image2d, args=(('TENSOR', (1, 192, 26, 26, 4), 'float16'), ('TENSOR', (64, 768, 1, 1, 4), 'float16'), (1, 1), (0, 0, 0, 0), (1, 1), 'float16'), kwargs={}, workload=('conv2d_nchwc_acc32.image2d', ('TENSOR', (1, 192, 26, 26, 4), 'float16'), ('TENSOR', (64, 768, 1, 1, 4), 'float16'), (1, 1), (0, 0, 0, 0), (1, 1), 'float16'))
[Task  2/20]  Current/Best:  273.94/ 277.54 GFLOPS | Progress: (333/333) | 2765.32 s Done.
Task:  Task(func_name=conv2d_nhwc.cuda, args=(('TENSOR', (1, 26, 26, 512), 'float16'), ('TENSOR', (1, 1, 512, 255), 'float16'), (1, 1), (0, 0, 0, 0), (1, 1), 'float16'), kwargs={}, workload=('conv2d_nhwc.cuda', ('TENSOR', (1, 26, 26, 512), 'float16'), ('TENSOR', (1, 1, 512, 255), 'float16'), (1, 1), (0, 0, 0, 0), (1, 1), 'float16'))
[Task  3/20]  Current/Best:    0.00/   8.61 GFLOPS | Progress: (333/333) | 3712.35 s Done.
Task:  Task(func_name=conv2d_nhwc.cuda, args=(('TENSOR', (1, 416, 416, 3), 'float16'), ('TENSOR', (3, 3, 3, 32), 'float16'), (1, 1), (1, 1, 1, 1), (1, 1), 'float16'), kwargs={}, workload=('conv2d_nhwc.cuda', ('TENSOR', (1, 416, 416, 3), 'float16'), ('TENSOR', (3, 3, 3, 32), 'float16'), (1, 1), (1, 1, 1, 1), (1, 1), 'float16'))
[Task  4/20]  Current/Best:    0.00/   9.77 GFLOPS | Progress: (333/333) | 8941.17 s Done.
Task:  Task(func_name=conv2d_nchwc_acc32.image2d, args=(('TENSOR', (1, 8, 417, 417, 4), 'float16'), ('TENSOR', (16, 32, 3, 3, 4), 'float16'), (2, 2), (0, 0, 0, 0), (1, 1), 'float16'), kwargs={}, workload=('conv2d_nchwc_acc32.image2d', ('TENSOR', (1, 8, 417, 417, 4), 'float16'), ('TENSOR', (16, 32, 3, 3, 4), 'float16'), (2, 2), (0, 0, 0, 0), (1, 1), 'float16'))
[Task  5/20]  Current/Best:  318.69/ 330.34 GFLOPS | Progress: (333/333) | 5837.15 s Done.
Task:  Task(func_name=conv2d_nchwc_acc32.image2d, args=(('TENSOR', (1, 16, 208, 208, 4), 'float16'), ('TENSOR', (8, 64, 1, 1, 4), 'float16'), (1, 1), (0, 0, 0, 0), (1, 1), 'float16'), kwargs={}, workload=('conv2d_nchwc_acc32.image2d', ('TENSOR', (1, 16, 208, 208, 4), 'float16'), ('TENSOR', (8, 64, 1, 1, 4), 'float16'), (1, 1), (0, 0, 0, 0), (1, 1), 'float16'))
[Task  6/20]  Current/Best:  188.32/ 206.23 GFLOPS | Progress: (333/333) | 2394.82 s Done.
Task:  Task(func_name=conv2d_nchwc_acc32.image2d, args=(('TENSOR', (1, 8, 208, 208, 4), 'float16'), ('TENSOR', (16, 32, 3, 3, 4), 'float16'), (1, 1), (1, 1, 1, 1), (1, 1), 'float16'), kwargs={}, workload=('conv2d_nchwc_acc32.image2d', ('TENSOR', (1, 8, 208, 208, 4), 'float16'), ('TENSOR', (16, 32, 3, 3, 4), 'float16'), (1, 1), (1, 1, 1, 1), (1, 1), 'float16'))
[Task  7/20]  Current/Best:    0.00/ 383.97 GFLOPS | Progress: (333/333) | 4970.94 s Done.
Task:  Task(func_name=conv2d_nchwc_acc32.image2d, args=(('TENSOR', (1, 16, 209, 209, 4), 'float16'), ('TENSOR', (32, 64, 3, 3, 4), 'float16'), (2, 2), (0, 0, 0, 0), (1, 1), 'float16'), kwargs={}, workload=('conv2d_nchwc_acc32.image2d', ('TENSOR', (1, 16, 209, 209, 4), 'float16'), ('TENSOR', (32, 64, 3, 3, 4), 'float16'), (2, 2), (0, 0, 0, 0), (1, 1), 'float16'))
[Task  8/20]  Current/Best:    0.00/ 361.40 GFLOPS | Progress: (333/333) | 4476.29 s Done.
Task:  Task(func_name=conv2d_nchwc_acc32.image2d, args=(('TENSOR', (1, 32, 104, 104, 4), 'float16'), ('TENSOR', (16, 128, 1, 1, 4), 'float16'), (1, 1), (0, 0, 0, 0), (1, 1), 'float16'), kwargs={}, workload=('conv2d_nchwc_acc32.image2d', ('TENSOR', (1, 32, 104, 104, 4), 'float16'), ('TENSOR', (16, 128, 1, 1, 4), 'float16'), (1, 1), (0, 0, 0, 0), (1, 1), 'float16'))
[Task  9/20]  Current/Best:  260.12/ 270.94 GFLOPS | Progress: (333/333) | 2049.49 s Done.
Task:  Task(func_name=conv2d_nchwc_acc32.image2d, args=(('TENSOR', (1, 16, 104, 104, 4), 'float16'), ('TENSOR', (32, 64, 3, 3, 4), 'float16'), (1, 1), (1, 1, 1, 1), (1, 1), 'float16'), kwargs={}, workload=('conv2d_nchwc_acc32.image2d', ('TENSOR', (1, 16, 104, 104, 4), 'float16'), ('TENSOR', (32, 64, 3, 3, 4), 'float16'), (1, 1), (1, 1, 1, 1), (1, 1), 'float16'))
[Task 10/20]  Current/Best:  395.64/ 397.40 GFLOPS | Progress: (333/333) | 5013.57 s Done.
Task:  Task(func_name=conv2d_nchwc_acc32.image2d, args=(('TENSOR', (1, 32, 105, 105, 4), 'float16'), ('TENSOR', (64, 128, 3, 3, 4), 'float16'), (2, 2), (0, 0, 0, 0), (1, 1), 'float16'), kwargs={}, workload=('conv2d_nchwc_acc32.image2d', ('TENSOR', (1, 32, 105, 105, 4), 'float16'), ('TENSOR', (64, 128, 3, 3, 4), 'float16'), (2, 2), (0, 0, 0, 0), (1, 1), 'float16'))
[Task 11/20]  Current/Best:  348.72/ 358.12 GFLOPS | Progress: (333/333) | 4294.34 s Done.
Task:  Task(func_name=conv2d_nchwc_acc32.image2d, args=(('TENSOR', (1, 64, 52, 52, 4), 'float16'), ('TENSOR', (32, 256, 1, 1, 4), 'float16'), (1, 1), (0, 0, 0, 0), (1, 1), 'float16'), kwargs={}, workload=('conv2d_nchwc_acc32.image2d', ('TENSOR', (1, 64, 52, 52, 4), 'float16'), ('TENSOR', (32, 256, 1, 1, 4), 'float16'), (1, 1), (0, 0, 0, 0), (1, 1), 'float16'))
[Task 12/20]  Current/Best:    0.00/ 325.59 GFLOPS | Progress: (333/333) | 1741.68 s Done.
Task:  Task(func_name=conv2d_nchwc_acc32.image2d, args=(('TENSOR', (1, 32, 52, 52, 4), 'float16'), ('TENSOR', (64, 128, 3, 3, 4), 'float16'), (1, 1), (1, 1, 1, 1), (1, 1), 'float16'), kwargs={}, workload=('conv2d_nchwc_acc32.image2d', ('TENSOR', (1, 32, 52, 52, 4), 'float16'), ('TENSOR', (64, 128, 3, 3, 4), 'float16'), (1, 1), (1, 1, 1, 1), (1, 1), 'float16'))
[Task 13/20]  Current/Best:  383.42/ 387.46 GFLOPS | Progress: (333/333) | 3805.21 s Done.
Task:  Task(func_name=conv2d_nchwc_acc32.image2d, args=(('TENSOR', (1, 64, 53, 53, 4), 'float16'), ('TENSOR', (128, 256, 3, 3, 4), 'float16'), (2, 2), (0, 0, 0, 0), (1, 1), 'float16'), kwargs={}, workload=('conv2d_nchwc_acc32.image2d', ('TENSOR', (1, 64, 53, 53, 4), 'float16'), ('TENSOR', (128, 256, 3, 3, 4), 'float16'), (2, 2), (0, 0, 0, 0), (1, 1), 'float16'))
[Task 14/20]  Current/Best:  275.28/ 294.20 GFLOPS | Progress: (333/333) | 5229.83 s Done.
Task:  Task(func_name=conv2d_nchwc_acc32.image2d, args=(('TENSOR', (1, 128, 26, 26, 4), 'float16'), ('TENSOR', (64, 512, 1, 1, 4), 'float16'), (1, 1), (0, 0, 0, 0), (1, 1), 'float16'), kwargs={}, workload=('conv2d_nchwc_acc32.image2d', ('TENSOR', (1, 128, 26, 26, 4), 'float16'), ('TENSOR', (64, 512, 1, 1, 4), 'float16'), (1, 1), (0, 0, 0, 0), (1, 1), 'float16'))
[Task 15/20]  Current/Best:  178.35/ 302.47 GFLOPS | Progress: (333/333) | 2339.33 s Done.
Task:  Task(func_name=conv2d_nchwc_acc32.image2d, args=(('TENSOR', (1, 64, 26, 26, 4), 'float16'), ('TENSOR', (128, 256, 3, 3, 4), 'float16'), (1, 1), (1, 1, 1, 1), (1, 1), 'float16'), kwargs={}, workload=('conv2d_nchwc_acc32.image2d', ('TENSOR', (1, 64, 26, 26, 4), 'float16'), ('TENSOR', (128, 256, 3, 3, 4), 'float16'), (1, 1), (1, 1, 1, 1), (1, 1), 'float16'))
[Task 16/20]  Current/Best:  332.86/ 341.80 GFLOPS | Progress: (333/333) | 5211.17 s Done.
Task:  Task(func_name=conv2d_nchwc_acc32.image2d, args=(('TENSOR', (1, 128, 27, 27, 4), 'float16'), ('TENSOR', (256, 512, 3, 3, 4), 'float16'), (2, 2), (0, 0, 0, 0), (1, 1), 'float16'), kwargs={}, workload=('conv2d_nchwc_acc32.image2d', ('TENSOR', (1, 128, 27, 27, 4), 'float16'), ('TENSOR', (256, 512, 3, 3, 4), 'float16'), (2, 2), (0, 0, 0, 0), (1, 1), 'float16'))
[Task 17/20]  Current/Best:  249.20/ 249.36 GFLOPS | Progress: (333/333) | 6313.52 s Done.
Task:  Task(func_name=conv2d_nchwc_acc32.image2d, args=(('TENSOR', (1, 256, 13, 13, 4), 'float16'), ('TENSOR', (128, 1024, 1, 1, 4), 'float16'), (1, 1), (0, 0, 0, 0), (1, 1), 'float16'), kwargs={}, workload=('conv2d_nchwc_acc32.image2d', ('TENSOR', (1, 256, 13, 13, 4), 'float16'), ('TENSOR', (128, 1024, 1, 1, 4), 'float16'), (1, 1), (0, 0, 0, 0), (1, 1), 'float16'))
[Task 18/20]  Current/Best:  222.81/ 242.61 GFLOPS | Progress: (333/333) | 2715.64 s Done.
Task:  Task(func_name=conv2d_nchwc_acc32.image2d, args=(('TENSOR', (1, 128, 13, 13, 4), 'float16'), ('TENSOR', (256, 512, 3, 3, 4), 'float16'), (1, 1), (1, 1, 1, 1), (1, 1), 'float16'), kwargs={}, workload=('conv2d_nchwc_acc32.image2d', ('TENSOR', (1, 128, 13, 13, 4), 'float16'), ('TENSOR', (256, 512, 3, 3, 4), 'float16'), (1, 1), (1, 1, 1, 1), (1, 1), 'float16'))
[Task 19/20]  Current/Best:  231.65/ 247.57 GFLOPS | Progress: (333/333) | 7318.39 s Done.
Task:  Task(func_name=conv2d_nhwc.cuda, args=(('TENSOR', (1, 13, 13, 1024), 'float16'), ('TENSOR', (1, 1, 1024, 255), 'float16'), (1, 1), (0, 0, 0, 0), (1, 1), 'float16'), kwargs={}, workload=('conv2d_nhwc.cuda', ('TENSOR', (1, 13, 13, 1024), 'float16'), ('TENSOR', (1, 1, 1024, 255), 'float16'), (1, 1), (0, 0, 0, 0), (1, 1), 'float16'))
[Task 20/20]  Current/Best:    3.26/   8.19 GFLOPS | Progress: (333/333) | 2913.19 s Done.
Apply best performing tuning profiles:
Tracker attempting connection on 192.168.1.52:9190
Tracker connected to remote RPC server
./scripts/evaluate.py:1277: DeprecationWarning: legacy graph runtime behavior of producing json / lib / params will be removed in the next release. Please see documents of tvm.contrib.graph_runtime.GraphModule for the  new recommended usage.
  graph, lib, params = relay.build(
Using Android OpenCL runtime over RPC
Uploading binary...
Evaluating...
0.268882 secs/iteration

