Extracting tasks
Tuning kernels
Task:  Task(func_name=conv2d_nhwc.image2d, args=(('TENSOR', (1, 65, 65, 320), 'float16'), ('TENSOR', (1, 1, 320, 256), 'float16'), (1, 1), (0, 0, 0, 0), (1, 1), 'float16'), kwargs={}, workload=('conv2d_nhwc.image2d', ('TENSOR', (1, 65, 65, 320), 'float16'), ('TENSOR', (1, 1, 320, 256), 'float16'), (1, 1), (0, 0, 0, 0), (1, 1), 'float16'))
[Task  1/31]  Current/Best:  373.75/ 389.39 GFLOPS | Progress: (333/333) | 1453.35 s Done.
Task:  Task(func_name=conv2d_nhwc.image2d, args=(('TENSOR', (1, 513, 513, 3), 'float16'), ('TENSOR', (3, 3, 3, 32), 'float16'), (2, 2), (1, 1, 1, 1), (1, 1), 'float16'), kwargs={}, workload=('conv2d_nhwc.image2d', ('TENSOR', (1, 513, 513, 3), 'float16'), ('TENSOR', (3, 3, 3, 32), 'float16'), (2, 2), (1, 1, 1, 1), (1, 1), 'float16'))
[Task  2/31]  Current/Best:   58.82/  61.75 GFLOPS | Progress: (333/333) | 1843.09 s Done.
Task:  Task(func_name=depthwise_conv2d_nhwc.image2d, args=(('TENSOR', (1, 257, 257, 32), 'float16'), ('TENSOR', (3, 3, 32, 1), 'float16'), (1, 1), (1, 1, 1, 1), (1, 1), 'float16'), kwargs={}, workload=('depthwise_conv2d_nhwc.image2d', ('TENSOR', (1, 257, 257, 32), 'float16'), ('TENSOR', (3, 3, 32, 1), 'float16'), (1, 1), (1, 1, 1, 1), (1, 1), 'float16'))
[Task  3/31]  Current/Best:   19.28/  23.14 GFLOPS | Progress: (333/333) | 6054.31 s Done.
Task:  Task(func_name=conv2d_nhwc.image2d, args=(('TENSOR', (1, 257, 257, 32), 'float16'), ('TENSOR', (1, 1, 32, 16), 'float16'), (1, 1), (0, 0, 0, 0), (1, 1), 'float16'), kwargs={}, workload=('conv2d_nhwc.image2d', ('TENSOR', (1, 257, 257, 32), 'float16'), ('TENSOR', (1, 1, 32, 16), 'float16'), (1, 1), (0, 0, 0, 0), (1, 1), 'float16'))
[Task  4/31]  Current/Best:   40.56/  44.11 GFLOPS | Progress: (333/333) | 1333.19 s Done.
Task:  Task(func_name=conv2d_nhwc.image2d, args=(('TENSOR', (1, 257, 257, 16), 'float16'), ('TENSOR', (1, 1, 16, 96), 'float16'), (1, 1), (0, 0, 0, 0), (1, 1), 'float16'), kwargs={}, workload=('conv2d_nhwc.image2d', ('TENSOR', (1, 257, 257, 16), 'float16'), ('TENSOR', (1, 1, 16, 96), 'float16'), (1, 1), (0, 0, 0, 0), (1, 1), 'float16'))
[Task  5/31]  Current/Best:   92.80/  98.64 GFLOPS | Progress: (333/333) | 2836.98 s Done.
Task:  Task(func_name=depthwise_conv2d_nhwc.image2d, args=(('TENSOR', (1, 257, 257, 96), 'float16'), ('TENSOR', (3, 3, 96, 1), 'float16'), (2, 2), (1, 1, 1, 1), (1, 1), 'float16'), kwargs={}, workload=('depthwise_conv2d_nhwc.image2d', ('TENSOR', (1, 257, 257, 96), 'float16'), ('TENSOR', (3, 3, 96, 1), 'float16'), (2, 2), (1, 1, 1, 1), (1, 1), 'float16'))
[Task  6/31]  Current/Best:   16.39/  17.10 GFLOPS | Progress: (333/333) | 7238.02 s Done.
Task:  Task(func_name=conv2d_nhwc.image2d, args=(('TENSOR', (1, 129, 129, 96), 'float16'), ('TENSOR', (1, 1, 96, 24), 'float16'), (1, 1), (0, 0, 0, 0), (1, 1), 'float16'), kwargs={}, workload=('conv2d_nhwc.image2d', ('TENSOR', (1, 129, 129, 96), 'float16'), ('TENSOR', (1, 1, 96, 24), 'float16'), (1, 1), (0, 0, 0, 0), (1, 1), 'float16'))
[Task  7/31]  Current/Best:   89.57/ 123.26 GFLOPS | Progress: (333/333) | 1980.30 s Done.
Task:  Task(func_name=depthwise_conv2d_nhwc.image2d, args=(('TENSOR', (1, 129, 129, 144), 'float16'), ('TENSOR', (3, 3, 144, 1), 'float16'), (1, 1), (1, 1, 1, 1), (1, 1), 'float16'), kwargs={}, workload=('depthwise_conv2d_nhwc.image2d', ('TENSOR', (1, 129, 129, 144), 'float16'), ('TENSOR', (3, 3, 144, 1), 'float16'), (1, 1), (1, 1, 1, 1), (1, 1), 'float16'))
[Task  8/31]  Current/Best:   29.04/  31.81 GFLOPS | Progress: (333/333) | 7103.12 s Done.
Task:  Task(func_name=conv2d_nhwc.image2d, args=(('TENSOR', (1, 129, 129, 144), 'float16'), ('TENSOR', (1, 1, 144, 24), 'float16'), (1, 1), (0, 0, 0, 0), (1, 1), 'float16'), kwargs={}, workload=('conv2d_nhwc.image2d', ('TENSOR', (1, 129, 129, 144), 'float16'), ('TENSOR', (1, 1, 144, 24), 'float16'), (1, 1), (0, 0, 0, 0), (1, 1), 'float16'))
[Task  9/31]  Current/Best:  123.72/ 147.95 GFLOPS | Progress: (333/333) | 2717.32 s Done.
Task:  Task(func_name=conv2d_nhwc.image2d, args=(('TENSOR', (1, 129, 129, 24), 'float16'), ('TENSOR', (1, 1, 24, 144), 'float16'), (1, 1), (0, 0, 0, 0), (1, 1), 'float16'), kwargs={}, workload=('conv2d_nhwc.image2d', ('TENSOR', (1, 129, 129, 24), 'float16'), ('TENSOR', (1, 1, 24, 144), 'float16'), (1, 1), (0, 0, 0, 0), (1, 1), 'float16'))
[Task 10/31]  Current/Best:  142.31/ 163.82 GFLOPS | Progress: (333/333) | 2267.11 s Done.
Task:  Task(func_name=depthwise_conv2d_nhwc.image2d, args=(('TENSOR', (1, 129, 129, 144), 'float16'), ('TENSOR', (3, 3, 144, 1), 'float16'), (2, 2), (1, 1, 1, 1), (1, 1), 'float16'), kwargs={}, workload=('depthwise_conv2d_nhwc.image2d', ('TENSOR', (1, 129, 129, 144), 'float16'), ('TENSOR', (3, 3, 144, 1), 'float16'), (2, 2), (1, 1, 1, 1), (1, 1), 'float16'))
[Task 11/31]  Current/Best:   14.63/  14.95 GFLOPS | Progress: (333/333) | 4094.34 s Done.
Task:  Task(func_name=conv2d_nhwc.image2d, args=(('TENSOR', (1, 65, 65, 144), 'float16'), ('TENSOR', (1, 1, 144, 32), 'float16'), (1, 1), (0, 0, 0, 0), (1, 1), 'float16'), kwargs={}, workload=('conv2d_nhwc.image2d', ('TENSOR', (1, 65, 65, 144), 'float16'), ('TENSOR', (1, 1, 144, 32), 'float16'), (1, 1), (0, 0, 0, 0), (1, 1), 'float16'))
[Task 12/31]  Current/Best:   55.07/ 131.38 GFLOPS | Progress: (333/333) | 634.29 s Done.
Task:  Task(func_name=conv2d_nhwc.image2d, args=(('TENSOR', (1, 65, 65, 192), 'float16'), ('TENSOR', (1, 1, 192, 32), 'float16'), (1, 1), (0, 0, 0, 0), (1, 1), 'float16'), kwargs={}, workload=('conv2d_nhwc.image2d', ('TENSOR', (1, 65, 65, 192), 'float16'), ('TENSOR', (1, 1, 192, 32), 'float16'), (1, 1), (0, 0, 0, 0), (1, 1), 'float16'))
[Task 13/31]  Current/Best:  102.77/ 134.61 GFLOPS | Progress: (333/333) | 812.95 s Done.
Task:  Task(func_name=conv2d_nhwc.image2d, args=(('TENSOR', (1, 65, 65, 32), 'float16'), ('TENSOR', (1, 1, 32, 192), 'float16'), (1, 1), (0, 0, 0, 0), (1, 1), 'float16'), kwargs={}, workload=('conv2d_nhwc.image2d', ('TENSOR', (1, 65, 65, 32), 'float16'), ('TENSOR', (1, 1, 32, 192), 'float16'), (1, 1), (0, 0, 0, 0), (1, 1), 'float16'))
[Task 14/31]  Current/Best:  155.97/ 173.53 GFLOPS | Progress: (333/333) | 958.18 s Done.
Task:  Task(func_name=depthwise_conv2d_nhwc.image2d, args=(('TENSOR', (1, 65, 65, 192), 'float16'), ('TENSOR', (3, 3, 192, 1), 'float16'), (1, 1), (1, 1, 1, 1), (1, 1), 'float16'), kwargs={}, workload=('depthwise_conv2d_nhwc.image2d', ('TENSOR', (1, 65, 65, 192), 'float16'), ('TENSOR', (3, 3, 192, 1), 'float16'), (1, 1), (1, 1, 1, 1), (1, 1), 'float16'))
[Task 15/31]  Current/Best:   28.21/  31.28 GFLOPS | Progress: (333/333) | 4205.89 s Done.
Task:  Task(func_name=conv2d_nhwc.image2d, args=(('TENSOR', (1, 65, 65, 192), 'float16'), ('TENSOR', (1, 1, 192, 64), 'float16'), (1, 1), (0, 0, 0, 0), (1, 1), 'float16'), kwargs={}, workload=('conv2d_nhwc.image2d', ('TENSOR', (1, 65, 65, 192), 'float16'), ('TENSOR', (1, 1, 192, 64), 'float16'), (1, 1), (0, 0, 0, 0), (1, 1), 'float16'))
[Task 16/31]  Current/Best:  124.52/ 246.52 GFLOPS | Progress: (333/333) | 893.82 s Done.
Task:  Task(func_name=conv2d_nhwc.image2d, args=(('TENSOR', (1, 65, 65, 384), 'float16'), ('TENSOR', (1, 1, 384, 64), 'float16'), (1, 1), (0, 0, 0, 0), (1, 1), 'float16'), kwargs={}, workload=('conv2d_nhwc.image2d', ('TENSOR', (1, 65, 65, 384), 'float16'), ('TENSOR', (1, 1, 384, 64), 'float16'), (1, 1), (0, 0, 0, 0), (1, 1), 'float16'))
[Task 17/31]  Current/Best:  148.51/ 189.19 GFLOPS | Progress: (333/333) | 1074.62 s Done.
Task:  Task(func_name=conv2d_nhwc.image2d, args=(('TENSOR', (1, 65, 65, 64), 'float16'), ('TENSOR', (1, 1, 64, 384), 'float16'), (1, 1), (0, 0, 0, 0), (1, 1), 'float16'), kwargs={}, workload=('conv2d_nhwc.image2d', ('TENSOR', (1, 65, 65, 64), 'float16'), ('TENSOR', (1, 1, 64, 384), 'float16'), (1, 1), (0, 0, 0, 0), (1, 1), 'float16'))
[Task 18/31]  Current/Best:  214.12/ 277.66 GFLOPS | Progress: (333/333) | 1271.77 s Done.
Task:  Task(func_name=depthwise_conv2d_nhwc.image2d, args=(('TENSOR', (4, 35, 35, 384), 'float16'), ('TENSOR', (3, 3, 384, 1), 'float16'), (1, 1), (0, 0, 0, 0), (1, 1), 'float16'), kwargs={}, workload=('depthwise_conv2d_nhwc.image2d', ('TENSOR', (4, 35, 35, 384), 'float16'), ('TENSOR', (3, 3, 384, 1), 'float16'), (1, 1), (0, 0, 0, 0), (1, 1), 'float16'))
[Task 19/31]  Current/Best:   31.99/  32.74 GFLOPS | Progress: (333/333) | 5395.91 s Done.
Task:  Task(func_name=conv2d_nhwc.image2d, args=(('TENSOR', (1, 65, 65, 384), 'float16'), ('TENSOR', (1, 1, 384, 96), 'float16'), (1, 1), (0, 0, 0, 0), (1, 1), 'float16'), kwargs={}, workload=('conv2d_nhwc.image2d', ('TENSOR', (1, 65, 65, 384), 'float16'), ('TENSOR', (1, 1, 384, 96), 'float16'), (1, 1), (0, 0, 0, 0), (1, 1), 'float16'))
[Task 20/31]  Current/Best:  169.59/ 276.89 GFLOPS | Progress: (333/333) | 1196.77 s Done.
Task:  Task(func_name=conv2d_nhwc.image2d, args=(('TENSOR', (1, 65, 65, 576), 'float16'), ('TENSOR', (1, 1, 576, 96), 'float16'), (1, 1), (0, 0, 0, 0), (1, 1), 'float16'), kwargs={}, workload=('conv2d_nhwc.image2d', ('TENSOR', (1, 65, 65, 576), 'float16'), ('TENSOR', (1, 1, 576, 96), 'float16'), (1, 1), (0, 0, 0, 0), (1, 1), 'float16'))
[Task 21/31]  Current/Best:  122.85/ 205.10 GFLOPS | Progress: (333/333) | 1492.50 s Done.
Task:  Task(func_name=conv2d_nhwc.image2d, args=(('TENSOR', (1, 65, 65, 96), 'float16'), ('TENSOR', (1, 1, 96, 576), 'float16'), (1, 1), (0, 0, 0, 0), (1, 1), 'float16'), kwargs={}, workload=('conv2d_nhwc.image2d', ('TENSOR', (1, 65, 65, 96), 'float16'), ('TENSOR', (1, 1, 96, 576), 'float16'), (1, 1), (0, 0, 0, 0), (1, 1), 'float16'))
[Task 22/31]  Current/Best:  230.84/ 316.01 GFLOPS | Progress: (333/333) | 1875.45 s Done.
Task:  Task(func_name=depthwise_conv2d_nhwc.image2d, args=(('TENSOR', (4, 35, 35, 576), 'float16'), ('TENSOR', (3, 3, 576, 1), 'float16'), (1, 1), (0, 0, 0, 0), (1, 1), 'float16'), kwargs={}, workload=('depthwise_conv2d_nhwc.image2d', ('TENSOR', (4, 35, 35, 576), 'float16'), ('TENSOR', (3, 3, 576, 1), 'float16'), (1, 1), (0, 0, 0, 0), (1, 1), 'float16'))
[Task 23/31]  Current/Best:   30.31/  34.24 GFLOPS | Progress: (333/333) | 5184.58 s Done.
Task:  Task(func_name=conv2d_nhwc.image2d, args=(('TENSOR', (1, 65, 65, 576), 'float16'), ('TENSOR', (1, 1, 576, 160), 'float16'), (1, 1), (0, 0, 0, 0), (1, 1), 'float16'), kwargs={}, workload=('conv2d_nhwc.image2d', ('TENSOR', (1, 65, 65, 576), 'float16'), ('TENSOR', (1, 1, 576, 160), 'float16'), (1, 1), (0, 0, 0, 0), (1, 1), 'float16'))
[Task 24/31]  Current/Best:  143.94/ 334.40 GFLOPS | Progress: (333/333) | 1546.74 s Done.
Task:  Task(func_name=conv2d_nhwc.image2d, args=(('TENSOR', (1, 65, 65, 960), 'float16'), ('TENSOR', (1, 1, 960, 160), 'float16'), (1, 1), (0, 0, 0, 0), (1, 1), 'float16'), kwargs={}, workload=('conv2d_nhwc.image2d', ('TENSOR', (1, 65, 65, 960), 'float16'), ('TENSOR', (1, 1, 960, 160), 'float16'), (1, 1), (0, 0, 0, 0), (1, 1), 'float16'))
[Task 25/31]  Current/Best:  225.87/ 335.97 GFLOPS | Progress: (333/333) | 1991.82 sTask:  Task(func_name=conv2d_nhwc.image2d, args=(('TENSOR', (1, 65, 65, 160), 'float16'), ('TENSOR', (1, 1, 160, 960), 'float16'), (1, 1), (0, 0, 0, 0), (1, 1), 'float16'), kwargs={}, workload=('conv2d_nhwc.image2d', ('TENSOR', (1, 65, 65, 160), 'float16'), ('TENSOR', (1, 1, 160, 960), 'float16'), (1, 1), (0, 0, 0, 0), (1, 1), 'float16'))
[Task 26/31]  Current/Best:    0.00/   0.00 GFLOPS | Progress: (0/333) | 0.00 s Done.
 Done.
 Done.
 Done.
 Done.
 Done.
[Task 26/31]  Current/Best:  308.35/ 382.43 GFLOPS | Progress: (333/333) | 2201.81 s Done.
Task:  Task(func_name=depthwise_conv2d_nhwc.image2d, args=(('TENSOR', (16, 19, 19, 960), 'float16'), ('TENSOR', (3, 3, 960, 1), 'float16'), (1, 1), (0, 0, 0, 0), (1, 1), 'float16'), kwargs={}, workload=('depthwise_conv2d_nhwc.image2d', ('TENSOR', (16, 19, 19, 960), 'float16'), ('TENSOR', (3, 3, 960, 1), 'float16'), (1, 1), (0, 0, 0, 0), (1, 1), 'float16'))
[Task 27/31]  Current/Best:   30.47/  32.75 GFLOPS | Progress: (333/333) | 4855.03 s Done.
Task:  Task(func_name=conv2d_nhwc.image2d, args=(('TENSOR', (1, 65, 65, 960), 'float16'), ('TENSOR', (1, 1, 960, 320), 'float16'), (1, 1), (0, 0, 0, 0), (1, 1), 'float16'), kwargs={}, workload=('conv2d_nhwc.image2d', ('TENSOR', (1, 65, 65, 960), 'float16'), ('TENSOR', (1, 1, 960, 320), 'float16'), (1, 1), (0, 0, 0, 0), (1, 1), 'float16'))
[Task 28/31]  Current/Best:  180.47/ 424.98 GFLOPS | Progress: (333/333) | 2786.80 s Done.
Task:  Task(func_name=conv2d_nhwc.image2d, args=(('TENSOR', (1, 1, 1, 320), 'float16'), ('TENSOR', (1, 1, 320, 256), 'float16'), (1, 1), (0, 0, 0, 0), (1, 1), 'float16'), kwargs={}, workload=('conv2d_nhwc.image2d', ('TENSOR', (1, 1, 1, 320), 'float16'), ('TENSOR', (1, 1, 320, 256), 'float16'), (1, 1), (0, 0, 0, 0), (1, 1), 'float16'))
[Task 29/31]  Current/Best:    0.62/   0.76 GFLOPS | Progress: (333/333) | 618.07 s Done.
Task:  Task(func_name=conv2d_nhwc.image2d, args=(('TENSOR', (1, 65, 65, 512), 'float16'), ('TENSOR', (1, 1, 512, 256), 'float16'), (1, 1), (0, 0, 0, 0), (1, 1), 'float16'), kwargs={}, workload=('conv2d_nhwc.image2d', ('TENSOR', (1, 65, 65, 512), 'float16'), ('TENSOR', (1, 1, 512, 256), 'float16'), (1, 1), (0, 0, 0, 0), (1, 1), 'float16'))
[Task 30/31]  Current/Best:  320.69/ 412.78 GFLOPS | Progress: (333/333) | 1479.57 s Done.
Task:  Task(func_name=conv2d_nhwc.image2d, args=(('TENSOR', (1, 65, 65, 256), 'float16'), ('TENSOR', (1, 1, 256, 21), 'float16'), (1, 1), (0, 0, 0, 0), (1, 1), 'float16'), kwargs={}, workload=('conv2d_nhwc.image2d', ('TENSOR', (1, 65, 65, 256), 'float16'), ('TENSOR', (1, 1, 256, 21), 'float16'), (1, 1), (0, 0, 0, 0), (1, 1), 'float16'))
[Task 31/31]  Current/Best:   40.07/  87.01 GFLOPS | Progress: (333/333) | 652.32 s Done.
Apply best performing tuning profiles:
Tracker attempting connection on 0.0.0.0:9190
Tracker connected to remote RPC server
Using Android OpenCL runtime over RPC
Uploading binary...
Evaluating...
0.105686 secs/iteration


