File /home/echuraev/Workspace/OctoML/qualcomm/models/mace_resnet-v2-50.pb exists, skip.
File synset.txt exists, skip.
File cat.png exists, skip.
Extracting tasks
Tuning kernels
Task:  Task(func_name=conv2d_nchwc_acc32.image2d, args=(('TENSOR', (1, 256, 7, 7, 4), 'float32'), ('TENSOR', (128, 1024, 1, 1, 4), 'float32'), (1, 1), (0, 0, 0, 0), (1, 1), 'float32'), kwargs={}, workload=('conv2d_nchwc_acc32.image2d', ('TENSOR', (1, 256, 7, 7, 4), 'float32'), ('TENSOR', (128, 1024, 1, 1, 4), 'float32'), (1, 1), (0, 0, 0, 0), (1, 1), 'float32'))
[Task  1/27]  Current/Best:   91.25/ 108.66 GFLOPS | Progress: (333/333) | 1204.31 s Done.
Task:  Task(func_name=conv2d_nchwc_acc32.image2d, args=(('TENSOR', (1, 64, 14, 14, 4), 'float32'), ('TENSOR', (64, 256, 3, 3, 4), 'float32'), (2, 2), (0, 0, 1, 1), (1, 1), 'float32'), kwargs={}, workload=('conv2d_nchwc_acc32.image2d', ('TENSOR', (1, 64, 14, 14, 4), 'float32'), ('TENSOR', (64, 256, 3, 3, 4), 'float32'), (2, 2), (0, 0, 1, 1), (1, 1), 'float32'))
[Task  2/27]  Current/Best:   87.00/  89.19 GFLOPS | Progress: (333/333) | 1562.15 s Done.
Task:  Task(func_name=conv2d_nchwc_acc32.image2d, args=(('TENSOR', (1, 64, 7, 7, 4), 'float32'), ('TENSOR', (256, 256, 1, 1, 4), 'float32'), (1, 1), (0, 0, 0, 0), (1, 1), 'float32'), kwargs={}, workload=('conv2d_nchwc_acc32.image2d', ('TENSOR', (1, 64, 7, 7, 4), 'float32'), ('TENSOR', (256, 256, 1, 1, 4), 'float32'), (1, 1), (0, 0, 0, 0), (1, 1), 'float32'))
[Task  3/27]  Current/Best:   97.15/ 106.41 GFLOPS | Progress: (333/333) | 990.37 s Done.
Task:  Task(func_name=conv2d_nchwc_acc32.image2d, args=(('TENSOR', (1, 128, 14, 14, 4), 'float32'), ('TENSOR', (64, 512, 1, 1, 4), 'float32'), (1, 1), (0, 0, 0, 0), (1, 1), 'float32'), kwargs={}, workload=('conv2d_nchwc_acc32.image2d', ('TENSOR', (1, 128, 14, 14, 4), 'float32'), ('TENSOR', (64, 512, 1, 1, 4), 'float32'), (1, 1), (0, 0, 0, 0), (1, 1), 'float32'))
[Task  4/27]  Current/Best:   82.11/ 144.10 GFLOPS | Progress: (333/333) | 1323.47 s Done.
Task:  Task(func_name=conv2d_nchwc_acc32.image2d, args=(('TENSOR', (1, 32, 28, 28, 4), 'float32'), ('TENSOR', (32, 128, 3, 3, 4), 'float32'), (2, 2), (0, 0, 1, 1), (1, 1), 'float32'), kwargs={}, workload=('conv2d_nchwc_acc32.image2d', ('TENSOR', (1, 32, 28, 28, 4), 'float32'), ('TENSOR', (32, 128, 3, 3, 4), 'float32'), (2, 2), (0, 0, 1, 1), (1, 1), 'float32'))
[Task  5/27]  Current/Best:   98.03/ 119.59 GFLOPS | Progress: (333/333) | 1534.00 s Done.
Task:  Task(func_name=conv2d_nchwc_acc32.image2d, args=(('TENSOR', (1, 32, 14, 14, 4), 'float32'), ('TENSOR', (128, 128, 1, 1, 4), 'float32'), (1, 1), (0, 0, 0, 0), (1, 1), 'float32'), kwargs={}, workload=('conv2d_nchwc_acc32.image2d', ('TENSOR', (1, 32, 14, 14, 4), 'float32'), ('TENSOR', (128, 128, 1, 1, 4), 'float32'), (1, 1), (0, 0, 0, 0), (1, 1), 'float32'))
[Task  6/27]  Current/Best:   96.78/ 122.69 GFLOPS | Progress: (333/333) | 1142.76 s Done.
Task:  Task(func_name=conv2d_nchwc_acc32.image2d, args=(('TENSOR', (1, 64, 28, 28, 4), 'float32'), ('TENSOR', (32, 256, 1, 1, 4), 'float32'), (1, 1), (0, 0, 0, 0), (1, 1), 'float32'), kwargs={}, workload=('conv2d_nchwc_acc32.image2d', ('TENSOR', (1, 64, 28, 28, 4), 'float32'), ('TENSOR', (32, 256, 1, 1, 4), 'float32'), (1, 1), (0, 0, 0, 0), (1, 1), 'float32'))
[Task  7/27]  Current/Best:  100.88/ 175.54 GFLOPS | Progress: (333/333) | 1154.71 s Done.
Task:  Task(func_name=conv2d_nchwc_acc32.image2d, args=(('TENSOR', (1, 16, 56, 56, 4), 'float32'), ('TENSOR', (16, 64, 3, 3, 4), 'float32'), (2, 2), (0, 0, 1, 1), (1, 1), 'float32'), kwargs={}, workload=('conv2d_nchwc_acc32.image2d', ('TENSOR', (1, 16, 56, 56, 4), 'float32'), ('TENSOR', (16, 64, 3, 3, 4), 'float32'), (2, 2), (0, 0, 1, 1), (1, 1), 'float32'))
[Task  8/27]  Current/Best:  104.61/ 164.26 GFLOPS | Progress: (333/333) | 1289.09 s Done.
Task:  Task(func_name=conv2d_nchwc_acc32.image2d, args=(('TENSOR', (1, 16, 28, 28, 4), 'float32'), ('TENSOR', (64, 64, 1, 1, 4), 'float32'), (1, 1), (0, 0, 0, 0), (1, 1), 'float32'), kwargs={}, workload=('conv2d_nchwc_acc32.image2d', ('TENSOR', (1, 16, 28, 28, 4), 'float32'), ('TENSOR', (64, 64, 1, 1, 4), 'float32'), (1, 1), (0, 0, 0, 0), (1, 1), 'float32'))
[Task  9/27]  Current/Best:   99.97/ 130.52 GFLOPS | Progress: (333/333) | 1060.77 s Done.
Task:  Task(func_name=conv2d_nchwc_acc32.image2d, args=(('TENSOR', (1, 16, 56, 56, 4), 'float32'), ('TENSOR', (16, 64, 1, 1, 4), 'float32'), (1, 1), (0, 0, 0, 0), (1, 1), 'float32'), kwargs={}, workload=('conv2d_nchwc_acc32.image2d', ('TENSOR', (1, 16, 56, 56, 4), 'float32'), ('TENSOR', (16, 64, 1, 1, 4), 'float32'), (1, 1), (0, 0, 0, 0), (1, 1), 'float32'))
[Task 10/27]  Current/Best:  100.52/ 123.08 GFLOPS | Progress: (333/333) | 1225.52 s Done.
Task:  Task(func_name=conv2d_nchwc_tpack_acc32.image2d, args=(('TENSOR', (1, 3, 224, 224), 'float32'), ('TENSOR', (64, 3, 7, 7), 'float32'), (2, 2), (2, 2, 3, 3), (1, 1), 'float32'), kwargs={}, workload=('conv2d_nchwc_tpack_acc32.image2d', ('TENSOR', (1, 3, 224, 224), 'float32'), ('TENSOR', (64, 3, 7, 7), 'float32'), (2, 2), (2, 2, 3, 3), (1, 1), 'float32'))
[Task 11/27]  Current/Best:  109.47/ 112.29 GFLOPS | Progress: (333/333) | 2267.41 s Done.
Task:  Task(func_name=conv2d_nchwc_acc32.image2d, args=(('TENSOR', (1, 64, 56, 56, 4), 'float32'), ('TENSOR', (16, 256, 1, 1, 4), 'float32'), (1, 1), (0, 0, 0, 0), (1, 1), 'float32'), kwargs={}, workload=('conv2d_nchwc_acc32.image2d', ('TENSOR', (1, 64, 56, 56, 4), 'float32'), ('TENSOR', (16, 256, 1, 1, 4), 'float32'), (1, 1), (0, 0, 0, 0), (1, 1), 'float32'))
[Task 12/27]  Current/Best:  119.09/ 163.26 GFLOPS | Progress: (333/333) | 1599.29 s Done.
Task:  Task(func_name=conv2d_nchwc_acc32.image2d, args=(('TENSOR', (1, 16, 56, 56, 4), 'float32'), ('TENSOR', (16, 64, 3, 3, 4), 'float32'), (1, 1), (1, 1, 1, 1), (1, 1), 'float32'), kwargs={}, workload=('conv2d_nchwc_acc32.image2d', ('TENSOR', (1, 16, 56, 56, 4), 'float32'), ('TENSOR', (16, 64, 3, 3, 4), 'float32'), (1, 1), (1, 1, 1, 1), (1, 1), 'float32'))
[Task 13/27]  Current/Best:  189.86/ 218.38 GFLOPS | Progress: (333/333) | 2047.07 s Done.
Task:  Task(func_name=conv2d_nchwc_acc32.image2d, args=(('TENSOR', (1, 16, 56, 56, 4), 'float32'), ('TENSOR', (64, 64, 1, 1, 4), 'float32'), (1, 1), (0, 0, 0, 0), (1, 1), 'float32'), kwargs={}, workload=('conv2d_nchwc_acc32.image2d', ('TENSOR', (1, 16, 56, 56, 4), 'float32'), ('TENSOR', (64, 64, 1, 1, 4), 'float32'), (1, 1), (0, 0, 0, 0), (1, 1), 'float32'))
[Task 14/27]  Current/Best:  205.14/ 214.19 GFLOPS | Progress: (333/333) | 1703.64 s Done.
Task:  Task(func_name=conv2d_nchwc_acc32.image2d, args=(('TENSOR', (1, 64, 28, 28, 4), 'float32'), ('TENSOR', (128, 256, 1, 1, 4), 'float32'), (1, 1), (0, 0, 0, 0), (1, 1), 'float32'), kwargs={}, workload=('conv2d_nchwc_acc32.image2d', ('TENSOR', (1, 64, 28, 28, 4), 'float32'), ('TENSOR', (128, 256, 1, 1, 4), 'float32'), (1, 1), (0, 0, 0, 0), (1, 1), 'float32'))
[Task 15/27]  Current/Best:  180.26/ 234.94 GFLOPS | Progress: (333/333) | 1615.48 s Done.
Task:  Task(func_name=conv2d_nchwc_acc32.image2d, args=(('TENSOR', (1, 128, 28, 28, 4), 'float32'), ('TENSOR', (32, 512, 1, 1, 4), 'float32'), (1, 1), (0, 0, 0, 0), (1, 1), 'float32'), kwargs={}, workload=('conv2d_nchwc_acc32.image2d', ('TENSOR', (1, 128, 28, 28, 4), 'float32'), ('TENSOR', (32, 512, 1, 1, 4), 'float32'), (1, 1), (0, 0, 0, 0), (1, 1), 'float32'))
[Task 16/27]  Current/Best:  123.97/ 174.43 GFLOPS | Progress: (333/333) | 1312.05 s Done.
Task:  Task(func_name=conv2d_nchwc_acc32.image2d, args=(('TENSOR', (1, 32, 28, 28, 4), 'float32'), ('TENSOR', (32, 128, 3, 3, 4), 'float32'), (1, 1), (1, 1, 1, 1), (1, 1), 'float32'), kwargs={}, workload=('conv2d_nchwc_acc32.image2d', ('TENSOR', (1, 32, 28, 28, 4), 'float32'), ('TENSOR', (32, 128, 3, 3, 4), 'float32'), (1, 1), (1, 1, 1, 1), (1, 1), 'float32'))
[Task 17/27]  Current/Best:  167.37/ 177.63 GFLOPS | Progress: (333/333) | 1720.57 s Done.
Task:  Task(func_name=conv2d_nchwc_acc32.image2d, args=(('TENSOR', (1, 32, 28, 28, 4), 'float32'), ('TENSOR', (128, 128, 1, 1, 4), 'float32'), (1, 1), (0, 0, 0, 0), (1, 1), 'float32'), kwargs={}, workload=('conv2d_nchwc_acc32.image2d', ('TENSOR', (1, 32, 28, 28, 4), 'float32'), ('TENSOR', (128, 128, 1, 1, 4), 'float32'), (1, 1), (0, 0, 0, 0), (1, 1), 'float32'))
[Task 18/27]  Current/Best:  171.25/ 221.55 GFLOPS | Progress: (333/333) | 1542.47 s Done.
Task:  Task(func_name=conv2d_nchwc_acc32.image2d, args=(('TENSOR', (1, 128, 14, 14, 4), 'float32'), ('TENSOR', (256, 512, 1, 1, 4), 'float32'), (1, 1), (0, 0, 0, 0), (1, 1), 'float32'), kwargs={}, workload=('conv2d_nchwc_acc32.image2d', ('TENSOR', (1, 128, 14, 14, 4), 'float32'), ('TENSOR', (256, 512, 1, 1, 4), 'float32'), (1, 1), (0, 0, 0, 0), (1, 1), 'float32'))
[Task 19/27]  Current/Best:  149.35/ 196.29 GFLOPS | Progress: (333/333) | 1774.71 s Done.
Task:  Task(func_name=conv2d_nchwc_acc32.image2d, args=(('TENSOR', (1, 256, 14, 14, 4), 'float32'), ('TENSOR', (64, 1024, 1, 1, 4), 'float32'), (1, 1), (0, 0, 0, 0), (1, 1), 'float32'), kwargs={}, workload=('conv2d_nchwc_acc32.image2d', ('TENSOR', (1, 256, 14, 14, 4), 'float32'), ('TENSOR', (64, 1024, 1, 1, 4), 'float32'), (1, 1), (0, 0, 0, 0), (1, 1), 'float32'))
[Task 20/27]  Current/Best:   88.30/ 165.25 GFLOPS | Progress: (333/333) | 1736.43 s Done.
Task:  Task(func_name=conv2d_nchwc_acc32.image2d, args=(('TENSOR', (1, 64, 14, 14, 4), 'float32'), ('TENSOR', (64, 256, 3, 3, 4), 'float32'), (1, 1), (1, 1, 1, 1), (1, 1), 'float32'), kwargs={}, workload=('conv2d_nchwc_acc32.image2d', ('TENSOR', (1, 64, 14, 14, 4), 'float32'), ('TENSOR', (64, 256, 3, 3, 4), 'float32'), (1, 1), (1, 1, 1, 1), (1, 1), 'float32'))
[Task 21/27]  Current/Best:  124.78/ 172.96 GFLOPS | Progress: (333/333) | 3776.80 s Done.
Task:  Task(func_name=conv2d_nchwc_acc32.image2d, args=(('TENSOR', (1, 64, 14, 14, 4), 'float32'), ('TENSOR', (256, 256, 1, 1, 4), 'float32'), (1, 1), (0, 0, 0, 0), (1, 1), 'float32'), kwargs={}, workload=('conv2d_nchwc_acc32.image2d', ('TENSOR', (1, 64, 14, 14, 4), 'float32'), ('TENSOR', (256, 256, 1, 1, 4), 'float32'), (1, 1), (0, 0, 0, 0), (1, 1), 'float32'))
[Task 22/27]  Current/Best:   94.81/ 186.98 GFLOPS | Progress: (333/333) | 1932.97 s Done.
Task:  Task(func_name=conv2d_nchwc_acc32.image2d, args=(('TENSOR', (1, 256, 7, 7, 4), 'float32'), ('TENSOR', (512, 1024, 1, 1, 4), 'float32'), (1, 1), (0, 0, 0, 0), (1, 1), 'float32'), kwargs={}, workload=('conv2d_nchwc_acc32.image2d', ('TENSOR', (1, 256, 7, 7, 4), 'float32'), ('TENSOR', (512, 1024, 1, 1, 4), 'float32'), (1, 1), (0, 0, 0, 0), (1, 1), 'float32'))
[Task 23/27]  Current/Best:  115.29/ 130.54 GFLOPS | Progress: (333/333) | 3150.94 s Done.
Task:  Task(func_name=conv2d_nchwc_acc32.image2d, args=(('TENSOR', (1, 512, 7, 7, 4), 'float32'), ('TENSOR', (128, 2048, 1, 1, 4), 'float32'), (1, 1), (0, 0, 0, 0), (1, 1), 'float32'), kwargs={}, workload=('conv2d_nchwc_acc32.image2d', ('TENSOR', (1, 512, 7, 7, 4), 'float32'), ('TENSOR', (128, 2048, 1, 1, 4), 'float32'), (1, 1), (0, 0, 0, 0), (1, 1), 'float32'))
[Task 24/27]  Current/Best:   82.46/ 123.71 GFLOPS | Progress: (333/333) | 2601.55 s Done.
Task:  Task(func_name=conv2d_nchwc_acc32.image2d, args=(('TENSOR', (1, 128, 7, 7, 4), 'float32'), ('TENSOR', (128, 512, 3, 3, 4), 'float32'), (1, 1), (1, 1, 1, 1), (1, 1), 'float32'), kwargs={}, workload=('conv2d_nchwc_acc32.image2d', ('TENSOR', (1, 128, 7, 7, 4), 'float32'), ('TENSOR', (128, 512, 3, 3, 4), 'float32'), (1, 1), (1, 1, 1, 1), (1, 1), 'float32'))
[Task 25/27]  Current/Best:   84.85/  98.19 GFLOPS | Progress: (333/333) | 3817.06 s Done.
Task:  Task(func_name=conv2d_nchwc_acc32.image2d, args=(('TENSOR', (1, 128, 7, 7, 4), 'float32'), ('TENSOR', (512, 512, 1, 1, 4), 'float32'), (1, 1), (0, 0, 0, 0), (1, 1), 'float32'), kwargs={}, workload=('conv2d_nchwc_acc32.image2d', ('TENSOR', (1, 128, 7, 7, 4), 'float32'), ('TENSOR', (512, 512, 1, 1, 4), 'float32'), (1, 1), (0, 0, 0, 0), (1, 1), 'float32'))
[Task 26/27]  Current/Best:    0.00/ 129.76 GFLOPS | Progress: (333/333) | 2163.05 s Done.
Task:  Task(func_name=conv2d_nchwc_tpack_acc32.image2d, args=(('TENSOR', (1, 2048, 1, 1), 'float32'), ('TENSOR', (1001, 2048, 1, 1), 'float32'), (1, 1), (0, 0, 0, 0), (1, 1), 'float32'), kwargs={}, workload=('conv2d_nchwc_tpack_acc32.image2d', ('TENSOR', (1, 2048, 1, 1), 'float32'), ('TENSOR', (1001, 2048, 1, 1), 'float32'), (1, 1), (0, 0, 0, 0), (1, 1), 'float32'))
[Task 27/27]  Current/Best:    1.78/   2.14 GFLOPS | Progress: (333/333) | 2281.29 s Done.
Apply best performing tuning profiles:
Tracker attempting connection on 0.0.0.0:9190
Tracker connected to remote RPC server
Using Android OpenCL runtime over RPC
Uploading binary...
Evaluating...
0.0408413 secs/iteration


Top5 predictions:

        #1: Persian cat
        #2: tiger cat
        #3: kit fox, Vulpes macrotis
        #4: cougar, puma, catamount, mountain lion, painter, panther, Felis concolor
        #5: Arctic fox, white fox, Alopex lagopus
         [283 282 278 286 279]

