File /home/echuraev/Workspace/OctoML/qualcomm/models/mace_yolov3/yolo-v3.pb exists, skip.
Extracting tasks
Tuning kernels
Task:  Task(func_name=conv2d_nchwc_acc32.image2d, args=(('TENSOR', (1, 64, 26, 26, 4), 'float32'), ('TENSOR', (32, 256, 1, 1, 4), 'float32'), (1, 1), (0, 0, 0, 0), (1, 1), 'float32'), kwargs={}, workload=('conv2d_nchwc_acc32.image2d', ('TENSOR', (1, 64, 26, 26, 4), 'float32'), ('TENSOR', (32, 256, 1, 1, 4), 'float32'), (1, 1), (0, 0, 0, 0), (1, 1), 'float32'))
[Task  1/23]  Current/Best:  132.26/ 156.28 GFLOPS | Progress: (333/333) | 1198.16 s Done.
Task:  Task(func_name=conv2d_nchwc_acc32.image2d, args=(('TENSOR', (1, 96, 52, 52, 4), 'float32'), ('TENSOR', (32, 384, 1, 1, 4), 'float32'), (1, 1), (0, 0, 0, 0), (1, 1), 'float32'), kwargs={}, workload=('conv2d_nchwc_acc32.image2d', ('TENSOR', (1, 96, 52, 52, 4), 'float32'), ('TENSOR', (32, 384, 1, 1, 4), 'float32'), (1, 1), (0, 0, 0, 0), (1, 1), 'float32'))
[Task  2/23]  Current/Best:  169.16/ 211.90 GFLOPS | Progress: (214/333) | 1143.74 s^C^C Done.

Execution time: 47 min. 47 s.
(base) [130 ✗] echuraev@echuraev-home:qualcomm (upstream_branch …212⚑1) ᐅ python3 ./scripts/evaluate.py -m yolov3 -t float32 -k android2 --target="opencl --device=adreno" -l ./sd888_log/ww02/yolov3.texture.float32.acc32.autotvm.log --tune 2>/dev/null
File /home/echuraev/Workspace/OctoML/qualcomm/models/mace_yolov3/yolo-v3.pb exists, skip.
Extracting tasks
Tuning kernels
Task:  Task(func_name=conv2d_nchwc_acc32.image2d, args=(('TENSOR', (1, 64, 26, 26, 4), 'float32'), ('TENSOR', (32, 256, 1, 1, 4), 'float32'), (1, 1), (0, 0, 0, 0), (1, 1), 'float32'), kwargs={}, workload=('conv2d_nchwc_acc32.image2d', ('TENSOR', (1, 64, 26, 26, 4), 'float32'), ('TENSOR', (32, 256, 1, 1, 4), 'float32'), (1, 1), (0, 0, 0, 0), (1, 1), 'float32'))
[Task  1/23]  Current/Best:  110.55/ 158.05 GFLOPS | Progress: (333/333) | 1327.24 s Done.
Task:  Task(func_name=conv2d_nchwc_acc32.image2d, args=(('TENSOR', (1, 96, 52, 52, 4), 'float32'), ('TENSOR', (32, 384, 1, 1, 4), 'float32'), (1, 1), (0, 0, 0, 0), (1, 1), 'float32'), kwargs={}, workload=('conv2d_nchwc_acc32.image2d', ('TENSOR', (1, 96, 52, 52, 4), 'float32'), ('TENSOR', (32, 384, 1, 1, 4), 'float32'), (1, 1), (0, 0, 0, 0), (1, 1), 'float32'))
[Task  2/23]  Current/Best:  115.75/ 204.58 GFLOPS | Progress: (333/333) | 1736.46 s Done.
Task:  Task(func_name=conv2d_nhwc_acc32.image2d, args=(('TENSOR', (1, 52, 52, 256), 'float32'), ('TENSOR', (1, 1, 256, 255), 'float32'), (1, 1), (0, 0, 0, 0), (1, 1), 'float32'), kwargs={}, workload=('conv2d_nhwc_acc32.image2d', ('TENSOR', (1, 52, 52, 256), 'float32'), ('TENSOR', (1, 1, 256, 255), 'float32'), (1, 1), (0, 0, 0, 0), (1, 1), 'float32'))
[Task  3/23]  Current/Best:   93.47/ 185.78 GFLOPS | Progress: (333/333) | 2646.62 sTask:  Task(func_name=conv2d_nchwc_acc32.image2d, args=(('TENSOR', (1, 128, 13, 13, 4), 'float32'), ('TENSOR', (64, 512, 1, 1, 4), 'float32'), (1, 1), (0, 0, 0, 0), (1, 1), 'float32'), kwargs={}, workload=('conv2d_nchwc_acc32.image2d', ('TENSOR', (1, 128, 13, 13, 4), 'float32'), ('TENSOR', (64, 512, 1, 1, 4), 'float32'), (1, 1), (0, 0, 0, 0), (1, 1), 'float32'))
[Task  4/23]  Current/Best:   76.23/  96.22 GFLOPS | Progress: (62/333) | 162.67 s Done.
 Done.
 Done.
 Done.
 Done.
 Done.
 Done.
 Done.
[Task  4/23]  Current/Best:   79.34/  98.46 GFLOPS | Progress: (126/333) | 810.59 s Done.
 Done.
 Done.
 Done.
 Done.
 Done.
 Done.
 Done.
[Task  4/23]  Current/Best:   61.61/ 142.80 GFLOPS | Progress: (190/333) | 1256.81 s Done.
 Done.
 Done.
 Done.
 Done.
 Done.
 Done.
 Done.
[Task  4/23]  Current/Best:   33.36/ 142.80 GFLOPS | Progress: (254/333) | 1474.08 s Done.
 Done.
 Done.
 Done.
 Done.
 Done.
 Done.
 Done.
[Task  4/23]  Current/Best:   66.70/ 145.03 GFLOPS | Progress: (318/333) | 1657.93 s Done.
 Done.
 Done.
 Done.
 Done.
 Done.
 Done.
 Done.
[Task  4/23]  Current/Best:  117.14/ 145.03 GFLOPS | Progress: (333/333) | 1879.60 s Done.
Task:  Task(func_name=conv2d_nchwc_acc32.image2d, args=(('TENSOR', (1, 192, 26, 26, 4), 'float32'), ('TENSOR', (64, 768, 1, 1, 4), 'float32'), (1, 1), (0, 0, 0, 0), (1, 1), 'float32'), kwargs={}, workload=('conv2d_nchwc_acc32.image2d', ('TENSOR', (1, 192, 26, 26, 4), 'float32'), ('TENSOR', (64, 768, 1, 1, 4), 'float32'), (1, 1), (0, 0, 0, 0), (1, 1), 'float32'))
[Task  5/23]  Current/Best:    0.00/ 151.90 GFLOPS | Progress: (62/333) | 530.43 s Done.
 Done.
 Done.
 Done.
 Done.
 Done.
 Done.
 Done.
[Task  5/23]  Current/Best:   88.35/ 151.90 GFLOPS | Progress: (126/333) | 956.75 s Done.
 Done.
 Done.
 Done.
 Done.
 Done.
 Done.
 Done.
 Done.
[Task  5/23]  Current/Best:  151.35/ 204.72 GFLOPS | Progress: (333/333) | 1944.47 s Done.
Task:  Task(func_name=conv2d_nhwc_acc32.image2d, args=(('TENSOR', (1, 26, 26, 512), 'float32'), ('TENSOR', (1, 1, 512, 255), 'float32'), (1, 1), (0, 0, 0, 0), (1, 1), 'float32'), kwargs={}, workload=('conv2d_nhwc_acc32.image2d', ('TENSOR', (1, 26, 26, 512), 'float32'), ('TENSOR', (1, 1, 512, 255), 'float32'), (1, 1), (0, 0, 0, 0), (1, 1), 'float32'))
[Task  6/23]  Current/Best:  171.35/ 178.79 GFLOPS | Progress: (333/333) | 2347.15 s Done.
Task:  Task(func_name=conv2d_nhwc_acc32.image2d, args=(('TENSOR', (1, 416, 416, 3), 'float32'), ('TENSOR', (3, 3, 3, 32), 'float32'), (1, 1), (1, 1, 1, 1), (1, 1), 'float32'), kwargs={}, workload=('conv2d_nhwc_acc32.image2d', ('TENSOR', (1, 416, 416, 3), 'float32'), ('TENSOR', (3, 3, 3, 32), 'float32'), (1, 1), (1, 1, 1, 1), (1, 1), 'float32'))
[Task  7/23]  Current/Best:   72.95/  77.36 GFLOPS | Progress: (333/333) | 4067.99 s Done.
Task:  Task(func_name=conv2d_nchwc_acc32.image2d, args=(('TENSOR', (1, 8, 417, 417, 4), 'float32'), ('TENSOR', (16, 32, 3, 3, 4), 'float32'), (2, 2), (0, 0, 0, 0), (1, 1), 'float32'), kwargs={}, workload=('conv2d_nchwc_acc32.image2d', ('TENSOR', (1, 8, 417, 417, 4), 'float32'), ('TENSOR', (16, 32, 3, 3, 4), 'float32'), (2, 2), (0, 0, 0, 0), (1, 1), 'float32'))
[Task  8/23]  Current/Best:  201.88/ 236.61 GFLOPS | Progress: (333/333) | 5725.75 s Done.
Task:  Task(func_name=conv2d_nchwc_acc32.image2d, args=(('TENSOR', (1, 16, 208, 208, 4), 'float32'), ('TENSOR', (8, 64, 1, 1, 4), 'float32'), (1, 1), (0, 0, 0, 0), (1, 1), 'float32'), kwargs={}, workload=('conv2d_nchwc_acc32.image2d', ('TENSOR', (1, 16, 208, 208, 4), 'float32'), ('TENSOR', (8, 64, 1, 1, 4), 'float32'), (1, 1), (0, 0, 0, 0), (1, 1), 'float32'))
[Task  9/23]  Current/Best:   97.22/ 124.77 GFLOPS | Progress: (333/333) | 2378.55 s Done.
Task:  Task(func_name=conv2d_nchwc_acc32.image2d, args=(('TENSOR', (1, 8, 208, 208, 4), 'float32'), ('TENSOR', (16, 32, 3, 3, 4), 'float32'), (1, 1), (1, 1, 1, 1), (1, 1), 'float32'), kwargs={}, workload=('conv2d_nchwc_acc32.image2d', ('TENSOR', (1, 8, 208, 208, 4), 'float32'), ('TENSOR', (16, 32, 3, 3, 4), 'float32'), (1, 1), (1, 1, 1, 1), (1, 1), 'float32'))
[Task 10/23]  Current/Best:  242.85/ 255.43 GFLOPS | Progress: (333/333) | 4620.49 s Done.
Task:  Task(func_name=conv2d_nchwc_acc32.image2d, args=(('TENSOR', (1, 16, 209, 209, 4), 'float32'), ('TENSOR', (32, 64, 3, 3, 4), 'float32'), (2, 2), (0, 0, 0, 0), (1, 1), 'float32'), kwargs={}, workload=('conv2d_nchwc_acc32.image2d', ('TENSOR', (1, 16, 209, 209, 4), 'float32'), ('TENSOR', (32, 64, 3, 3, 4), 'float32'), (2, 2), (0, 0, 0, 0), (1, 1), 'float32'))
[Task 11/23]  Current/Best:   97.99/ 213.90 GFLOPS | Progress: (333/333) | 3740.11 s Done.
Task:  Task(func_name=conv2d_nchwc_acc32.image2d, args=(('TENSOR', (1, 32, 104, 104, 4), 'float32'), ('TENSOR', (16, 128, 1, 1, 4), 'float32'), (1, 1), (0, 0, 0, 0), (1, 1), 'float32'), kwargs={}, workload=('conv2d_nchwc_acc32.image2d', ('TENSOR', (1, 32, 104, 104, 4), 'float32'), ('TENSOR', (16, 128, 1, 1, 4), 'float32'), (1, 1), (0, 0, 0, 0), (1, 1), 'float32'))
[Task 12/23]  Current/Best:  140.91/ 179.69 GFLOPS | Progress: (333/333) | 1899.57 s Done.
Task:  Task(func_name=conv2d_nchwc_acc32.image2d, args=(('TENSOR', (1, 16, 104, 104, 4), 'float32'), ('TENSOR', (32, 64, 3, 3, 4), 'float32'), (1, 1), (1, 1, 1, 1), (1, 1), 'float32'), kwargs={}, workload=('conv2d_nchwc_acc32.image2d', ('TENSOR', (1, 16, 104, 104, 4), 'float32'), ('TENSOR', (32, 64, 3, 3, 4), 'float32'), (1, 1), (1, 1, 1, 1), (1, 1), 'float32'))
[Task 13/23]  Current/Best:  249.60/ 249.77 GFLOPS | Progress: (333/333) | 3197.89 s Done.
Task:  Task(func_name=conv2d_nchwc_acc32.image2d, args=(('TENSOR', (1, 32, 105, 105, 4), 'float32'), ('TENSOR', (64, 128, 3, 3, 4), 'float32'), (2, 2), (0, 0, 0, 0), (1, 1), 'float32'), kwargs={}, workload=('conv2d_nchwc_acc32.image2d', ('TENSOR', (1, 32, 105, 105, 4), 'float32'), ('TENSOR', (64, 128, 3, 3, 4), 'float32'), (2, 2), (0, 0, 0, 0), (1, 1), 'float32'))
[Task 14/23]  Current/Best:  167.04/ 231.68 GFLOPS | Progress: (333/333) | 3115.91 s Done.
Task:  Task(func_name=conv2d_nchwc_acc32.image2d, args=(('TENSOR', (1, 64, 52, 52, 4), 'float32'), ('TENSOR', (32, 256, 1, 1, 4), 'float32'), (1, 1), (0, 0, 0, 0), (1, 1), 'float32'), kwargs={}, workload=('conv2d_nchwc_acc32.image2d', ('TENSOR', (1, 64, 52, 52, 4), 'float32'), ('TENSOR', (32, 256, 1, 1, 4), 'float32'), (1, 1), (0, 0, 0, 0), (1, 1), 'float32'))
[Task 15/23]  Current/Best:  113.24/ 206.85 GFLOPS | Progress: (333/333) | 1128.02 s Done.
Task:  Task(func_name=conv2d_nchwc_acc32.image2d, args=(('TENSOR', (1, 32, 52, 52, 4), 'float32'), ('TENSOR', (64, 128, 3, 3, 4), 'float32'), (1, 1), (1, 1, 1, 1), (1, 1), 'float32'), kwargs={}, workload=('conv2d_nchwc_acc32.image2d', ('TENSOR', (1, 32, 52, 52, 4), 'float32'), ('TENSOR', (64, 128, 3, 3, 4), 'float32'), (1, 1), (1, 1, 1, 1), (1, 1), 'float32'))
[Task 16/23]  Current/Best:  220.55/ 229.18 GFLOPS | Progress: (333/333) | 2628.01 s Done.
Task:  Task(func_name=conv2d_nchwc_acc32.image2d, args=(('TENSOR', (1, 64, 53, 53, 4), 'float32'), ('TENSOR', (128, 256, 3, 3, 4), 'float32'), (2, 2), (0, 0, 0, 0), (1, 1), 'float32'), kwargs={}, workload=('conv2d_nchwc_acc32.image2d', ('TENSOR', (1, 64, 53, 53, 4), 'float32'), ('TENSOR', (128, 256, 3, 3, 4), 'float32'), (2, 2), (0, 0, 0, 0), (1, 1), 'float32'))
[Task 17/23]  Current/Best:  201.84/ 225.85 GFLOPS | Progress: (333/333) | 3940.17 s Done.
Task:  Task(func_name=conv2d_nchwc_acc32.image2d, args=(('TENSOR', (1, 128, 26, 26, 4), 'float32'), ('TENSOR', (64, 512, 1, 1, 4), 'float32'), (1, 1), (0, 0, 0, 0), (1, 1), 'float32'), kwargs={}, workload=('conv2d_nchwc_acc32.image2d', ('TENSOR', (1, 128, 26, 26, 4), 'float32'), ('TENSOR', (64, 512, 1, 1, 4), 'float32'), (1, 1), (0, 0, 0, 0), (1, 1), 'float32'))
[Task 18/23]  Current/Best:  158.25/ 214.82 GFLOPS | Progress: (333/333) | 1489.35 s Done.
Task:  Task(func_name=conv2d_nchwc_acc32.image2d, args=(('TENSOR', (1, 64, 26, 26, 4), 'float32'), ('TENSOR', (128, 256, 3, 3, 4), 'float32'), (1, 1), (1, 1, 1, 1), (1, 1), 'float32'), kwargs={}, workload=('conv2d_nchwc_acc32.image2d', ('TENSOR', (1, 64, 26, 26, 4), 'float32'), ('TENSOR', (128, 256, 3, 3, 4), 'float32'), (1, 1), (1, 1, 1, 1), (1, 1), 'float32'))
[Task 19/23]  Current/Best:  243.40/ 247.59 GFLOPS | Progress: (333/333) | 3836.73 s Done.
Task:  Task(func_name=conv2d_nchwc_acc32.image2d, args=(('TENSOR', (1, 128, 27, 27, 4), 'float32'), ('TENSOR', (256, 512, 3, 3, 4), 'float32'), (2, 2), (0, 0, 0, 0), (1, 1), 'float32'), kwargs={}, workload=('conv2d_nchwc_acc32.image2d', ('TENSOR', (1, 128, 27, 27, 4), 'float32'), ('TENSOR', (256, 512, 3, 3, 4), 'float32'), (2, 2), (0, 0, 0, 0), (1, 1), 'float32'))
[Task 20/23]  Current/Best:  151.10/ 154.23 GFLOPS | Progress: (333/333) | 4862.80 s Done.
Task:  Task(func_name=conv2d_nchwc_acc32.image2d, args=(('TENSOR', (1, 256, 13, 13, 4), 'float32'), ('TENSOR', (128, 1024, 1, 1, 4), 'float32'), (1, 1), (0, 0, 0, 0), (1, 1), 'float32'), kwargs={}, workload=('conv2d_nchwc_acc32.image2d', ('TENSOR', (1, 256, 13, 13, 4), 'float32'), ('TENSOR', (128, 1024, 1, 1, 4), 'float32'), (1, 1), (0, 0, 0, 0), (1, 1), 'float32'))
[Task 21/23]  Current/Best:  118.80/ 149.01 GFLOPS | Progress: (333/333) | 1516.46 s Done.
Task:  Task(func_name=conv2d_nchwc_acc32.image2d, args=(('TENSOR', (1, 128, 13, 13, 4), 'float32'), ('TENSOR', (256, 512, 3, 3, 4), 'float32'), (1, 1), (1, 1, 1, 1), (1, 1), 'float32'), kwargs={}, workload=('conv2d_nchwc_acc32.image2d', ('TENSOR', (1, 128, 13, 13, 4), 'float32'), ('TENSOR', (256, 512, 3, 3, 4), 'float32'), (1, 1), (1, 1, 1, 1), (1, 1), 'float32'))
[Task 22/23]  Current/Best:  156.60/ 158.01 GFLOPS | Progress: (333/333) | 4893.86 s Done.
Task:  Task(func_name=conv2d_nhwc_acc32.image2d, args=(('TENSOR', (1, 13, 13, 1024), 'float32'), ('TENSOR', (1, 1, 1024, 255), 'float32'), (1, 1), (0, 0, 0, 0), (1, 1), 'float32'), kwargs={}, workload=('conv2d_nhwc_acc32.image2d', ('TENSOR', (1, 13, 13, 1024), 'float32'), ('TENSOR', (1, 1, 1024, 255), 'float32'), (1, 1), (0, 0, 0, 0), (1, 1), 'float32'))
[Task 23/23]  Current/Best:  105.64/ 114.71 GFLOPS | Progress: (333/333) | 1990.19 s Done.
Apply best performing tuning profiles:
Tracker attempting connection on 0.0.0.0:9190
Tracker connected to remote RPC server
Using Android OpenCL runtime over RPC
Uploading binary...
Evaluating...
0.307375 secs/iteration


