Task:  Task(func_name=conv2d_nchwc_tpack_acc32.image2d, args=(('TENSOR', (1, 1024, 14, 14), 'float16'), ('TENSOR', (2048, 1024, 1, 1), 'float16'), (2, 2), (0, 0, 0, 0), (1, 1), 'float16'), kwargs={}, workload=('conv2d_nchwc_tpack_acc32.image2d', ('TENSOR', (1, 1024, 14, 14), 'float16'), ('TENSOR', (2048, 1024, 1, 1), 'float16'), (2, 2), (0, 0, 0, 0), (1, 1), 'float16'))
[Task  1/24]  Current/Best:    5.17/ 125.66 GFLOPS | Progress: (62/333) | 566.97 s/home/amalyshe/sandboxes/venv_anaconda_tvm/lib/python3.8/site-packages/xgboost/training.py:20: UserWarning: Old style callback is deprecated.  See: https://xgboost.readthedocs.io/en/latest/python/callbacks.html
  warnings.warn(f'Old style callback is deprecated.  See: {link}', UserWarning)
[Task  1/24]  Current/Best:  115.49/ 126.65 GFLOPS | Progress: (333/333) | 2692.31 s Done.
Task:  Task(func_name=conv2d_nchwc_tpack_acc32.image2d, args=(('TENSOR', (1, 512, 28, 28), 'float16'), ('TENSOR', (1024, 512, 1, 1), 'float16'), (2, 2), (0, 0, 0, 0), (1, 1), 'float16'), kwargs={}, workload=('conv2d_nchwc_tpack_acc32.image2d', ('TENSOR', (1, 512, 28, 28), 'float16'), ('TENSOR', (1024, 512, 1, 1), 'float16'), (2, 2), (0, 0, 0, 0), (1, 1), 'float16'))
[Task  2/24]  Current/Best:  178.57/ 199.26 GFLOPS | Progress: (333/333) | 2462.46 s Done.
Task:  Task(func_name=conv2d_nchwc_tpack_acc32.image2d, args=(('TENSOR', (1, 256, 56, 56), 'float16'), ('TENSOR', (512, 256, 1, 1), 'float16'), (2, 2), (0, 0, 0, 0), (1, 1), 'float16'), kwargs={}, workload=('conv2d_nchwc_tpack_acc32.image2d', ('TENSOR', (1, 256, 56, 56), 'float16'), ('TENSOR', (512, 256, 1, 1), 'float16'), (2, 2), (0, 0, 0, 0), (1, 1), 'float16'))
[Task  3/24]  Current/Best:  147.23/ 184.70 GFLOPS | Progress: (333/333) | 2822.63 s Done.
Task:  Task(func_name=conv2d_nchwc_tpack_acc32.image2d, args=(('TENSOR', (1, 3, 224, 224), 'float16'), ('TENSOR', (64, 3, 7, 7), 'float16'), (2, 2), (3, 3, 3, 3), (1, 1), 'float16'), kwargs={}, workload=('conv2d_nchwc_tpack_acc32.image2d', ('TENSOR', (1, 3, 224, 224), 'float16'), ('TENSOR', (64, 3, 7, 7), 'float16'), (2, 2), (3, 3, 3, 3), (1, 1), 'float16'))
[Task  4/24]  Current/Best:  192.17/ 218.03 GFLOPS | Progress: (333/333) | 2369.36 s Done.
Task:  Task(func_name=conv2d_nchwc_tpack_acc32.image2d, args=(('TENSOR', (1, 64, 56, 56), 'float16'), ('TENSOR', (64, 64, 1, 1), 'float16'), (1, 1), (0, 0, 0, 0), (1, 1), 'float16'), kwargs={}, workload=('conv2d_nchwc_tpack_acc32.image2d', ('TENSOR', (1, 64, 56, 56), 'float16'), ('TENSOR', (64, 64, 1, 1), 'float16'), (1, 1), (0, 0, 0, 0), (1, 1), 'float16'))
[Task  5/24]  Current/Best:   79.64/ 105.45 GFLOPS | Progress: (333/333) | 1528.08 s Done.
Task:  Task(func_name=conv2d_nchwc_tpack_acc32.image2d, args=(('TENSOR', (1, 256, 56, 56), 'float16'), ('TENSOR', (64, 256, 1, 1), 'float16'), (1, 1), (0, 0, 0, 0), (1, 1), 'float16'), kwargs={}, workload=('conv2d_nchwc_tpack_acc32.image2d', ('TENSOR', (1, 256, 56, 56), 'float16'), ('TENSOR', (64, 256, 1, 1), 'float16'), (1, 1), (0, 0, 0, 0), (1, 1), 'float16'))
[Task  6/24]  Current/Best:   93.09/ 151.96 GFLOPS | Progress: (333/333) | 2344.09 s Done.
Task:  Task(func_name=conv2d_nchwc_tpack_acc32.image2d, args=(('TENSOR', (1, 64, 56, 56), 'float16'), ('TENSOR', (64, 64, 3, 3), 'float16'), (1, 1), (1, 1, 1, 1), (1, 1), 'float16'), kwargs={}, workload=('conv2d_nchwc_tpack_acc32.image2d', ('TENSOR', (1, 64, 56, 56), 'float16'), ('TENSOR', (64, 64, 3, 3), 'float16'), (1, 1), (1, 1, 1, 1), (1, 1), 'float16'))
[Task  7/24]  Current/Best:  276.05/ 290.90 GFLOPS | Progress: (333/333) | 2869.63 s Done.
Task:  Task(func_name=conv2d_nchwc_tpack_acc32.image2d, args=(('TENSOR', (1, 64, 56, 56), 'float16'), ('TENSOR', (256, 64, 1, 1), 'float16'), (1, 1), (0, 0, 0, 0), (1, 1), 'float16'), kwargs={}, workload=('conv2d_nchwc_tpack_acc32.image2d', ('TENSOR', (1, 64, 56, 56), 'float16'), ('TENSOR', (256, 64, 1, 1), 'float16'), (1, 1), (0, 0, 0, 0), (1, 1), 'float16'))
[Task  8/24]  Current/Best:  158.28/ 175.41 GFLOPS | Progress: (333/333) | 2168.16 s Done.
Task:  Task(func_name=conv2d_nchwc_tpack_acc32.image2d, args=(('TENSOR', (1, 256, 56, 56), 'float16'), ('TENSOR', (128, 256, 1, 1), 'float16'), (1, 1), (0, 0, 0, 0), (1, 1), 'float16'), kwargs={}, workload=('conv2d_nchwc_tpack_acc32.image2d', ('TENSOR', (1, 256, 56, 56), 'float16'), ('TENSOR', (128, 256, 1, 1), 'float16'), (1, 1), (0, 0, 0, 0), (1, 1), 'float16'))
[Task  9/24]  Current/Best:  127.14/ 209.03 GFLOPS | Progress: (333/333) | 3259.92 s Done.
Task:  Task(func_name=conv2d_nchwc_tpack_acc32.image2d, args=(('TENSOR', (1, 128, 56, 56), 'float16'), ('TENSOR', (128, 128, 3, 3), 'float16'), (2, 2), (1, 1, 1, 1), (1, 1), 'float16'), kwargs={}, workload=('conv2d_nchwc_tpack_acc32.image2d', ('TENSOR', (1, 128, 56, 56), 'float16'), ('TENSOR', (128, 128, 3, 3), 'float16'), (2, 2), (1, 1, 1, 1), (1, 1), 'float16'))
[Task 10/24]  Current/Best:  203.11/ 218.68 GFLOPS | Progress: (333/333) | 2670.25 s Done.
Task:  Task(func_name=conv2d_nchwc_tpack_acc32.image2d, args=(('TENSOR', (1, 512, 28, 28), 'float16'), ('TENSOR', (128, 512, 1, 1), 'float16'), (1, 1), (0, 0, 0, 0), (1, 1), 'float16'), kwargs={}, workload=('conv2d_nchwc_tpack_acc32.image2d', ('TENSOR', (1, 512, 28, 28), 'float16'), ('TENSOR', (128, 512, 1, 1), 'float16'), (1, 1), (0, 0, 0, 0), (1, 1), 'float16'))
[Task 11/24]  Current/Best:  177.31/ 183.46 GFLOPS | Progress: (333/333) | 1688.57 s Done.
Task:  Task(func_name=conv2d_nchwc_tpack_acc32.image2d, args=(('TENSOR', (1, 128, 28, 28), 'float16'), ('TENSOR', (128, 128, 3, 3), 'float16'), (1, 1), (1, 1, 1, 1), (1, 1), 'float16'), kwargs={}, workload=('conv2d_nchwc_tpack_acc32.image2d', ('TENSOR', (1, 128, 28, 28), 'float16'), ('TENSOR', (128, 128, 3, 3), 'float16'), (1, 1), (1, 1, 1, 1), (1, 1), 'float16'))
[Task 12/24]  Current/Best:  256.00/ 259.32 GFLOPS | Progress: (333/333) | 2142.27 s Done.
Task:  Task(func_name=conv2d_nchwc_tpack_acc32.image2d, args=(('TENSOR', (1, 128, 28, 28), 'float16'), ('TENSOR', (512, 128, 1, 1), 'float16'), (1, 1), (0, 0, 0, 0), (1, 1), 'float16'), kwargs={}, workload=('conv2d_nchwc_tpack_acc32.image2d', ('TENSOR', (1, 128, 28, 28), 'float16'), ('TENSOR', (512, 128, 1, 1), 'float16'), (1, 1), (0, 0, 0, 0), (1, 1), 'float16'))
[Task 13/24]  Current/Best:  166.35/ 174.94 GFLOPS | Progress: (333/333) | 1658.68 s Done.
Task:  Task(func_name=conv2d_nchwc_tpack_acc32.image2d, args=(('TENSOR', (1, 512, 28, 28), 'float16'), ('TENSOR', (256, 512, 1, 1), 'float16'), (1, 1), (0, 0, 0, 0), (1, 1), 'float16'), kwargs={}, workload=('conv2d_nchwc_tpack_acc32.image2d', ('TENSOR', (1, 512, 28, 28), 'float16'), ('TENSOR', (256, 512, 1, 1), 'float16'), (1, 1), (0, 0, 0, 0), (1, 1), 'float16'))
[Task 14/24]  Current/Best:  208.53/ 239.56 GFLOPS | Progress: (333/333) | 2071.23 s Done.
Task:  Task(func_name=conv2d_nchwc_tpack_acc32.image2d, args=(('TENSOR', (1, 256, 28, 28), 'float16'), ('TENSOR', (256, 256, 3, 3), 'float16'), (2, 2), (1, 1, 1, 1), (1, 1), 'float16'), kwargs={}, workload=('conv2d_nchwc_tpack_acc32.image2d', ('TENSOR', (1, 256, 28, 28), 'float16'), ('TENSOR', (256, 256, 3, 3), 'float16'), (2, 2), (1, 1, 1, 1), (1, 1), 'float16'))
[Task 15/24]  Current/Best:  190.11/ 193.82 GFLOPS | Progress: (333/333) | 2745.33 s Done.
Task:  Task(func_name=conv2d_nchwc_tpack_acc32.image2d, args=(('TENSOR', (1, 1024, 14, 14), 'float16'), ('TENSOR', (256, 1024, 1, 1), 'float16'), (1, 1), (0, 0, 0, 0), (1, 1), 'float16'), kwargs={}, workload=('conv2d_nchwc_tpack_acc32.image2d', ('TENSOR', (1, 1024, 14, 14), 'float16'), ('TENSOR', (256, 1024, 1, 1), 'float16'), (1, 1), (0, 0, 0, 0), (1, 1), 'float16'))
[Task 16/24]  Current/Best:  169.25/ 178.06 GFLOPS | Progress: (333/333) | 1649.84 s Done.
Task:  Task(func_name=conv2d_nchwc_tpack_acc32.image2d, args=(('TENSOR', (1, 256, 14, 14), 'float16'), ('TENSOR', (256, 256, 3, 3), 'float16'), (1, 1), (1, 1, 1, 1), (1, 1), 'float16'), kwargs={}, workload=('conv2d_nchwc_tpack_acc32.image2d', ('TENSOR', (1, 256, 14, 14), 'float16'), ('TENSOR', (256, 256, 3, 3), 'float16'), (1, 1), (1, 1, 1, 1), (1, 1), 'float16'))
[Task 17/24]  Current/Best:  198.93/ 212.32 GFLOPS | Progress: (333/333) | 2888.58 s Done.
Task:  Task(func_name=conv2d_nchwc_tpack_acc32.image2d, args=(('TENSOR', (1, 256, 14, 14), 'float16'), ('TENSOR', (1024, 256, 1, 1), 'float16'), (1, 1), (0, 0, 0, 0), (1, 1), 'float16'), kwargs={}, workload=('conv2d_nchwc_tpack_acc32.image2d', ('TENSOR', (1, 256, 14, 14), 'float16'), ('TENSOR', (1024, 256, 1, 1), 'float16'), (1, 1), (0, 0, 0, 0), (1, 1), 'float16'))
[Task 18/24]  Current/Best:  181.79/ 196.64 GFLOPS | Progress: (333/333) | 2205.61 s Done.
Task:  Task(func_name=conv2d_nchwc_tpack_acc32.image2d, args=(('TENSOR', (1, 1024, 14, 14), 'float16'), ('TENSOR', (512, 1024, 1, 1), 'float16'), (1, 1), (0, 0, 0, 0), (1, 1), 'float16'), kwargs={}, workload=('conv2d_nchwc_tpack_acc32.image2d', ('TENSOR', (1, 1024, 14, 14), 'float16'), ('TENSOR', (512, 1024, 1, 1), 'float16'), (1, 1), (0, 0, 0, 0), (1, 1), 'float16'))
[Task 19/24]  Current/Best:  134.28/ 214.00 GFLOPS | Progress: (333/333) | 1996.71 s Done.
Task:  Task(func_name=conv2d_nchwc_tpack_acc32.image2d, args=(('TENSOR', (1, 512, 14, 14), 'float16'), ('TENSOR', (512, 512, 3, 3), 'float16'), (2, 2), (1, 1, 1, 1), (1, 1), 'float16'), kwargs={}, workload=('conv2d_nchwc_tpack_acc32.image2d', ('TENSOR', (1, 512, 14, 14), 'float16'), ('TENSOR', (512, 512, 3, 3), 'float16'), (2, 2), (1, 1, 1, 1), (1, 1), 'float16'))
[Task 20/24]  Current/Best:  114.94/ 115.57 GFLOPS | Progress: (333/333) | 3396.31 s Done.
Task:  Task(func_name=conv2d_nchwc_tpack_acc32.image2d, args=(('TENSOR', (1, 2048, 7, 7), 'float16'), ('TENSOR', (512, 2048, 1, 1), 'float16'), (1, 1), (0, 0, 0, 0), (1, 1), 'float16'), kwargs={}, workload=('conv2d_nchwc_tpack_acc32.image2d', ('TENSOR', (1, 2048, 7, 7), 'float16'), ('TENSOR', (512, 2048, 1, 1), 'float16'), (1, 1), (0, 0, 0, 0), (1, 1), 'float16'))
[Task 21/24]  Current/Best:    5.71/ 114.17 GFLOPS | Progress: (333/333) | 1829.47 s Done.
Task:  Task(func_name=conv2d_nchwc_tpack_acc32.image2d, args=(('TENSOR', (1, 512, 7, 7), 'float16'), ('TENSOR', (512, 512, 3, 3), 'float16'), (1, 1), (1, 1, 1, 1), (1, 1), 'float16'), kwargs={}, workload=('conv2d_nchwc_tpack_acc32.image2d', ('TENSOR', (1, 512, 7, 7), 'float16'), ('TENSOR', (512, 512, 3, 3), 'float16'), (1, 1), (1, 1, 1, 1), (1, 1), 'float16'))
[Task 22/24]  Current/Best:  118.02/ 118.55 GFLOPS | Progress: (333/333) | 2969.31 s Done.
Task:  Task(func_name=conv2d_nchwc_tpack_acc32.image2d, args=(('TENSOR', (1, 512, 7, 7), 'float16'), ('TENSOR', (2048, 512, 1, 1), 'float16'), (1, 1), (0, 0, 0, 0), (1, 1), 'float16'), kwargs={}, workload=('conv2d_nchwc_tpack_acc32.image2d', ('TENSOR', (1, 512, 7, 7), 'float16'), ('TENSOR', (2048, 512, 1, 1), 'float16'), (1, 1), (0, 0, 0, 0), (1, 1), 'float16'))
[Task 23/24]  Current/Best:    7.00/ 120.58 GFLOPS | Progress: (333/333) | 1767.52 s Done.
Task:  Task(func_name=dense_small_batch.cuda, args=(('TENSOR', (1, 2048), 'float16'), ('TENSOR', (1000, 2048), 'float16'), None, 'float16'), kwargs={}, workload=('dense_small_batch.cuda', ('TENSOR', (1, 2048), 'float16'), ('TENSOR', (1000, 2048), 'float16'), None, 'float16'))
[Task 24/24]  Current/Best:   15.14/  16.53 GFLOPS | Progress: (12/12) | 30.73 s Done.

