Task:  Task(func_name=conv2d_nchwc_tpack_acc32.image2d, args=(('TENSOR', (1, 3, 224, 224), 'float32'), ('TENSOR', (64, 3, 3, 3), 'float32'), (1, 1), (1, 1, 1, 1), (1, 1), 'float32'), kwargs={}, workload=('conv2d_nchwc_tpack_acc32.image2d', ('TENSOR', (1, 3, 224, 224), 'float32'), ('TENSOR', (64, 3, 3, 3), 'float32'), (1, 1), (1, 1, 1, 1), (1, 1), 'float32'))
[Task  1/13]  Current/Best:   70.09/  89.61 GFLOPS | Progress: (333/333) | 4180.37 s Done.
Task:  Task(func_name=conv2d_nchwc_tpack.image2d, args=(('TENSOR', (1, 3, 224, 224), 'float32'), ('TENSOR', (64, 3, 3, 3), 'float32'), (1, 1), (1, 1, 1, 1), (1, 1), 'float32'), kwargs={}, workload=('conv2d_nchwc_tpack.image2d', ('TENSOR', (1, 3, 224, 224), 'float32'), ('TENSOR', (64, 3, 3, 3), 'float32'), (1, 1), (1, 1, 1, 1), (1, 1), 'float32'))
[Task  2/13]  Current/Best:  106.16/ 109.70 GFLOPS | Progress: (333/333) | 2952.11 s Done.
Task:  Task(func_name=conv2d_nchwc_acc32.image2d, args=(('TENSOR', (1, 16, 224, 224, 4), 'float32'), ('TENSOR', (16, 64, 3, 3, 4), 'float32'), (1, 1), (1, 1, 1, 1), (1, 1), 'float32'), kwargs={}, workload=('conv2d_nchwc_acc32.image2d', ('TENSOR', (1, 16, 224, 224, 4), 'float32'), ('TENSOR', (16, 64, 3, 3, 4), 'float32'), (1, 1), (1, 1, 1, 1), (1, 1), 'float32'))
[Task  3/13]  Current/Best:  217.33/ 275.62 GFLOPS | Progress: (333/333) | 5491.11 s Done.
Task:  Task(func_name=conv2d_nchwc_acc32.image2d, args=(('TENSOR', (1, 16, 112, 112, 4), 'float32'), ('TENSOR', (32, 64, 3, 3, 4), 'float32'), (1, 1), (1, 1, 1, 1), (1, 1), 'float32'), kwargs={}, workload=('conv2d_nchwc_acc32.image2d', ('TENSOR', (1, 16, 112, 112, 4), 'float32'), ('TENSOR', (32, 64, 3, 3, 4), 'float32'), (1, 1), (1, 1, 1, 1), (1, 1), 'float32'))
[Task  4/13]  Current/Best:  234.02/ 249.26 GFLOPS | Progress: (333/333) | 4633.54 s Done.
Task:  Task(func_name=conv2d_nchwc_acc32.image2d, args=(('TENSOR', (1, 32, 112, 112, 4), 'float32'), ('TENSOR', (32, 128, 3, 3, 4), 'float32'), (1, 1), (1, 1, 1, 1), (1, 1), 'float32'), kwargs={}, workload=('conv2d_nchwc_acc32.image2d', ('TENSOR', (1, 32, 112, 112, 4), 'float32'), ('TENSOR', (32, 128, 3, 3, 4), 'float32'), (1, 1), (1, 1, 1, 1), (1, 1), 'float32'))
[Task  5/13]  Current/Best:  240.99/ 281.91 GFLOPS | Progress: (333/333) | 4715.36 s Done.
Task:  Task(func_name=conv2d_nchwc_acc32.image2d, args=(('TENSOR', (1, 32, 56, 56, 4), 'float32'), ('TENSOR', (64, 128, 3, 3, 4), 'float32'), (1, 1), (1, 1, 1, 1), (1, 1), 'float32'), kwargs={}, workload=('conv2d_nchwc_acc32.image2d', ('TENSOR', (1, 32, 56, 56, 4), 'float32'), ('TENSOR', (64, 128, 3, 3, 4), 'float32'), (1, 1), (1, 1, 1, 1), (1, 1), 'float32'))
[Task  6/13]  Current/Best:  238.70/ 243.60 GFLOPS | Progress: (333/333) | 4279.48 s Done.
Task:  Task(func_name=conv2d_nchwc_acc32.image2d, args=(('TENSOR', (1, 64, 56, 56, 4), 'float32'), ('TENSOR', (64, 256, 3, 3, 4), 'float32'), (1, 1), (1, 1, 1, 1), (1, 1), 'float32'), kwargs={}, workload=('conv2d_nchwc_acc32.image2d', ('TENSOR', (1, 64, 56, 56, 4), 'float32'), ('TENSOR', (64, 256, 3, 3, 4), 'float32'), (1, 1), (1, 1, 1, 1), (1, 1), 'float32'))
[Task  7/13]  Current/Best:  239.84/ 303.75 GFLOPS | Progress: (333/333) | 4791.05 s Done.
Task:  Task(func_name=conv2d_nchwc_acc32.image2d, args=(('TENSOR', (1, 64, 28, 28, 4), 'float32'), ('TENSOR', (128, 256, 3, 3, 4), 'float32'), (1, 1), (1, 1, 1, 1), (1, 1), 'float32'), kwargs={}, workload=('conv2d_nchwc_acc32.image2d', ('TENSOR', (1, 64, 28, 28, 4), 'float32'), ('TENSOR', (128, 256, 3, 3, 4), 'float32'), (1, 1), (1, 1, 1, 1), (1, 1), 'float32'))
[Task  8/13]  Current/Best:  204.20/ 272.83 GFLOPS | Progress: (333/333) | 3501.38 s Done.
Task:  Task(func_name=conv2d_nchwc_acc32.image2d, args=(('TENSOR', (1, 128, 28, 28, 4), 'float32'), ('TENSOR', (128, 512, 3, 3, 4), 'float32'), (1, 1), (1, 1, 1, 1), (1, 1), 'float32'), kwargs={}, workload=('conv2d_nchwc_acc32.image2d', ('TENSOR', (1, 128, 28, 28, 4), 'float32'), ('TENSOR', (128, 512, 3, 3, 4), 'float32'), (1, 1), (1, 1, 1, 1), (1, 1), 'float32'))
[Task  9/13]  Current/Best:  210.73/ 268.97 GFLOPS | Progress: (333/333) | 4966.17 s Done.
Task:  Task(func_name=conv2d_nchwc_acc32.image2d, args=(('TENSOR', (1, 128, 14, 14, 4), 'float32'), ('TENSOR', (128, 512, 3, 3, 4), 'float32'), (1, 1), (1, 1, 1, 1), (1, 1), 'float32'), kwargs={}, workload=('conv2d_nchwc_acc32.image2d', ('TENSOR', (1, 128, 14, 14, 4), 'float32'), ('TENSOR', (128, 512, 3, 3, 4), 'float32'), (1, 1), (1, 1, 1, 1), (1, 1), 'float32'))
[Task 10/13]  Current/Best:  158.77/ 165.50 GFLOPS | Progress: (333/333) | 3061.18 s Done.
Task:  Task(func_name=dense_small_batch.cuda, args=(('TENSOR', (1, 25088), 'float32'), ('TENSOR', (4096, 25088), 'float32'), None, 'float32'), kwargs={}, workload=('dense_small_batch.cuda', ('TENSOR', (1, 25088), 'float32'), ('TENSOR', (4096, 25088), 'float32'), None, 'float32'))
[Task 11/13]  Current/Best:    0.00/   0.00 GFLOPS | Progress: (30/30) | 360.63 s Done.
Task:  Task(func_name=dense_small_batch.cuda, args=(('TENSOR', (1, 4096), 'float32'), ('TENSOR', (4096, 4096), 'float32'), None, 'float32'), kwargs={}, workload=('dense_small_batch.cuda', ('TENSOR', (1, 4096), 'float32'), ('TENSOR', (4096, 4096), 'float32'), None, 'float32'))
[Task 12/13]  Current/Best:    0.00/  18.06 GFLOPS | Progress: (13/13) | 163.09 s Done.
Task:  Task(func_name=dense_small_batch.cuda, args=(('TENSOR', (1, 4096), 'float32'), ('TENSOR', (1000, 4096), 'float32'), None, 'float32'), kwargs={}, workload=('dense_small_batch.cuda', ('TENSOR', (1, 4096), 'float32'), ('TENSOR', (1000, 4096), 'float32'), None, 'float32'))
[Task 13/13]  Current/Best:   16.08/  16.90 GFLOPS | Progress: (13/13) | 50.04 s Done.

